2018-04-10 21:01:37 [@DESKTOP-RA5UTA9]
Internal #1: Launch createinquest
2018-04-10 21:21:06 [2@DESKTOP-RA5UTA9]
Internal #1: Launch watcher
2018-04-10 21:27:40 [2@DESKTOP-RA5UTA9]
Internal #1: Launch ticketrecurrent
2018-04-10 21:33:47 [2@DESKTOP-RA5UTA9]
Internal #1: Launch planningrecall
2018-04-10 21:41:58 [@DESKTOP-RA5UTA9]
Internal #1: Launch queuednotification
2018-04-10 21:43:32 [@DESKTOP-RA5UTA9]
Internal #1: Launch queuednotificationclean
2018-04-10 21:51:19 [@DESKTOP-RA5UTA9]
Internal #1: Launch temp
2018-04-10 21:56:53 [@DESKTOP-RA5UTA9]
Internal #1: Launch mailgateerror
2018-04-10 21:57:48 [@DESKTOP-RA5UTA9]
Internal #1: Launch contract
2018-04-10 22:00:08 [@DESKTOP-RA5UTA9]
Internal #1: Launch infocom
2018-04-10 22:07:39 [@DESKTOP-RA5UTA9]
Internal #1: Can't start optimize

Undefined function CronTask::cronoptimize (for cron)
2018-04-10 22:07:42 [@DESKTOP-RA5UTA9]
Internal #1: Can't start optimize

Undefined function CronTask::cronoptimize (for cron)
2018-04-11 01:19:38 [@DESKTOP-RA5UTA9]
Internal #1: Can't start optimize

Undefined function CronTask::cronoptimize (for cron)
2018-04-11 01:25:18 [@DESKTOP-RA5UTA9]
Internal #1: Can't start optimize

Undefined function CronTask::cronoptimize (for cron)
2018-04-11 01:25:31 [@DESKTOP-RA5UTA9]
Internal #1: Can't start optimize

Undefined function CronTask::cronoptimize (for cron)
2018-04-11 01:28:50 [@DESKTOP-RA5UTA9]
Internal #1: Can't start optimize

Undefined function CronTask::cronoptimize (for cron)
2018-04-11 01:38:56 [@DESKTOP-RA5UTA9]
Internal #1: Can't start optimize

Undefined function CronTask::cronoptimize (for cron)
2018-04-11 18:31:39 [@DESKTOP-RA5UTA9]
Internal #1: Can't start optimize

Undefined function CronTask::cronoptimize (for cron)
2018-04-11 18:35:56 [@DESKTOP-RA5UTA9]
Internal #1: Can't start optimize

Undefined function CronTask::cronoptimize (for cron)
2018-04-11 18:36:52 [@DESKTOP-RA5UTA9]
Internal #1: Can't start optimize

Undefined function CronTask::cronoptimize (for cron)
2018-04-11 18:42:01 [2@DESKTOP-RA5UTA9]
Internal #1: Can't start optimize

Undefined function CronTask::cronoptimize (for cron)
2018-04-11 18:43:47 [@DESKTOP-RA5UTA9]
Internal #1: Can't start optimize

Undefined function CronTask::cronoptimize (for cron)
2018-04-11 18:47:34 [@DESKTOP-RA5UTA9]
Internal #1: Can't start optimize

Undefined function CronTask::cronoptimize (for cron)
2018-04-11 18:48:20 [@DESKTOP-RA5UTA9]
Internal #1: Can't start optimize

Undefined function CronTask::cronoptimize (for cron)
2018-04-11 19:49:09 [@DESKTOP-RA5UTA9]
Internal #1: Can't start optimize

Undefined function CronTask::cronoptimize (for cron)
2018-04-11 19:53:55 [@DESKTOP-RA5UTA9]
Internal #1: Can't start optimize

Undefined function CronTask::cronoptimize (for cron)
2018-04-11 20:01:56 [6@DESKTOP-RA5UTA9]
Internal #1: Can't start optimize

Undefined function CronTask::cronoptimize (for cron)
2018-04-11 20:14:24 [6@DESKTOP-RA5UTA9]
Internal #1: Can't start optimize

Undefined function CronTask::cronoptimize (for cron)
2018-04-11 20:14:33 [@DESKTOP-RA5UTA9]
Internal #1: Can't start optimize

Undefined function CronTask::cronoptimize (for cron)
2018-04-11 20:15:49 [@DESKTOP-RA5UTA9]
Internal #1: Can't start optimize

Undefined function CronTask::cronoptimize (for cron)
2018-04-11 20:21:00 [@DESKTOP-RA5UTA9]
Internal #1: Can't start optimize

Undefined function CronTask::cronoptimize (for cron)
2018-04-11 20:21:35 [@DESKTOP-RA5UTA9]
Internal #1: Can't start optimize

Undefined function CronTask::cronoptimize (for cron)
2018-04-11 20:21:54 [@DESKTOP-RA5UTA9]
Internal #1: Can't start optimize

Undefined function CronTask::cronoptimize (for cron)
2018-04-11 20:22:31 [@DESKTOP-RA5UTA9]
Internal #1: Can't start optimize

Undefined function CronTask::cronoptimize (for cron)
2018-04-11 20:26:42 [@DESKTOP-RA5UTA9]
Internal #1: Can't start optimize

Undefined function CronTask::cronoptimize (for cron)
2018-04-11 20:31:04 [@DESKTOP-RA5UTA9]
Internal #1: Can't start optimize

Undefined function CronTask::cronoptimize (for cron)
2018-04-11 20:40:25 [3@DESKTOP-RA5UTA9]
Internal #1: Can't start optimize

Undefined function CronTask::cronoptimize (for cron)
2018-04-11 20:45:19 [@DESKTOP-RA5UTA9]
Internal #1: Can't start optimize

Undefined function CronTask::cronoptimize (for cron)
2018-04-11 20:59:04 [2@DESKTOP-RA5UTA9]
Internal #1: Can't start optimize

Undefined function CronTask::cronoptimize (for cron)
2018-04-11 21:03:00 [2@DESKTOP-RA5UTA9]
Internal #1: Can't start optimize

Undefined function CronTask::cronoptimize (for cron)
2018-04-11 21:08:18 [2@DESKTOP-RA5UTA9]
Internal #1: Can't start optimize

Undefined function CronTask::cronoptimize (for cron)
2018-04-11 21:13:10 [@DESKTOP-RA5UTA9]
Internal #1: Can't start optimize

Undefined function CronTask::cronoptimize (for cron)
2018-04-11 21:15:34 [@DESKTOP-RA5UTA9]
Internal #1: Can't start optimize

Undefined function CronTask::cronoptimize (for cron)
2018-04-11 21:21:03 [2@DESKTOP-RA5UTA9]
Internal #1: Can't start optimize

Undefined function CronTask::cronoptimize (for cron)
2018-04-11 21:25:09 [@DESKTOP-RA5UTA9]
Internal #1: Can't start optimize

Undefined function CronTask::cronoptimize (for cron)
2018-04-11 21:31:59 [@DESKTOP-RA5UTA9]
Internal #1: Can't start optimize

Undefined function CronTask::cronoptimize (for cron)
2018-04-12 00:43:16 [2@DESKTOP-RA5UTA9]
Internal #1: Can't start optimize

Undefined function CronTask::cronoptimize (for cron)
2018-04-12 02:45:26 [2@DESKTOP-RA5UTA9]
Internal #1: Can't start optimize

Undefined function CronTask::cronoptimize (for cron)
2018-04-12 02:53:10 [@DESKTOP-RA5UTA9]
Internal #1: Can't start optimize

Undefined function CronTask::cronoptimize (for cron)
2018-04-12 18:56:26 [4@DESKTOP-RA5UTA9]
Internal #1: Can't start optimize

Undefined function CronTask::cronoptimize (for cron)
2018-04-12 18:56:33 [@DESKTOP-RA5UTA9]
Internal #1: Can't start optimize

Undefined function CronTask::cronoptimize (for cron)
2018-04-12 19:01:51 [2@DESKTOP-RA5UTA9]
Internal #1: Can't start optimize

Undefined function CronTask::cronoptimize (for cron)
2018-04-12 19:06:56 [2@DESKTOP-RA5UTA9]
Internal #1: Can't start optimize

Undefined function CronTask::cronoptimize (for cron)
2018-04-12 19:13:31 [@DESKTOP-RA5UTA9]
Internal #1: Can't start optimize

Undefined function CronTask::cronoptimize (for cron)
2018-04-12 19:18:48 [@DESKTOP-RA5UTA9]
Internal #1: Can't start optimize

Undefined function CronTask::cronoptimize (for cron)
2018-04-12 19:24:21 [2@DESKTOP-RA5UTA9]
Internal #1: Can't start optimize

Undefined function CronTask::cronoptimize (for cron)
2018-04-13 00:29:50 [2@DESKTOP-RA5UTA9]
Internal #1: Can't start optimize

Undefined function CronTask::cronoptimize (for cron)
2018-04-13 00:36:44 [2@DESKTOP-RA5UTA9]
Internal #1: Can't start optimize

Undefined function CronTask::cronoptimize (for cron)
2018-04-13 00:52:07 [2@DESKTOP-RA5UTA9]
Internal #1: Can't start optimize

Undefined function CronTask::cronoptimize (for cron)
2018-04-13 00:52:11 [@DESKTOP-RA5UTA9]
Internal #1: Can't start optimize

Undefined function CronTask::cronoptimize (for cron)
2018-04-13 00:57:31 [2@DESKTOP-RA5UTA9]
Internal #1: Can't start optimize

Undefined function CronTask::cronoptimize (for cron)
2018-04-13 01:03:29 [2@DESKTOP-RA5UTA9]
Internal #1: Can't start optimize

Undefined function CronTask::cronoptimize (for cron)
2018-04-13 01:09:47 [2@DESKTOP-RA5UTA9]
Internal #1: Can't start optimize

Undefined function CronTask::cronoptimize (for cron)
2018-04-13 01:10:35 [@DESKTOP-RA5UTA9]
Internal #1: Can't start optimize

Undefined function CronTask::cronoptimize (for cron)
2018-04-13 01:11:10 [@DESKTOP-RA5UTA9]
Internal #1: Can't start optimize

Undefined function CronTask::cronoptimize (for cron)
2018-04-13 01:16:54 [2@DESKTOP-RA5UTA9]
Internal #1: Can't start optimize

Undefined function CronTask::cronoptimize (for cron)
2018-04-13 01:22:41 [2@DESKTOP-RA5UTA9]
Internal #1: Can't start optimize

Undefined function CronTask::cronoptimize (for cron)
2018-04-13 01:30:53 [@DESKTOP-RA5UTA9]
Internal #1: Can't start optimize

Undefined function CronTask::cronoptimize (for cron)
2018-04-13 02:04:02 [7@DESKTOP-RA5UTA9]
Internal #1: Can't start optimize

Undefined function CronTask::cronoptimize (for cron)
2018-04-13 02:06:02 [@DESKTOP-RA5UTA9]
Internal #1: Can't start optimize

Undefined function CronTask::cronoptimize (for cron)
2018-04-13 02:08:42 [@DESKTOP-RA5UTA9]
Internal #1: Can't start optimize

Undefined function CronTask::cronoptimize (for cron)
2018-04-13 02:09:51 [@DESKTOP-RA5UTA9]
Internal #1: Can't start optimize

Undefined function CronTask::cronoptimize (for cron)
2018-04-13 02:10:34 [@DESKTOP-RA5UTA9]
Internal #1: Can't start optimize

Undefined function CronTask::cronoptimize (for cron)
2018-04-13 02:10:54 [@DESKTOP-RA5UTA9]
Internal #1: Can't start optimize

Undefined function CronTask::cronoptimize (for cron)
2018-04-13 02:12:54 [@DESKTOP-RA5UTA9]
Internal #1: Can't start optimize

Undefined function CronTask::cronoptimize (for cron)
2018-04-13 02:14:25 [@DESKTOP-RA5UTA9]
Internal #1: Can't start optimize

Undefined function CronTask::cronoptimize (for cron)
2018-04-13 02:14:35 [@DESKTOP-RA5UTA9]
Internal #1: Can't start optimize

Undefined function CronTask::cronoptimize (for cron)
2018-04-13 02:15:19 [@DESKTOP-RA5UTA9]
Internal #1: Can't start optimize

Undefined function CronTask::cronoptimize (for cron)
2018-04-13 02:37:12 [@DESKTOP-RA5UTA9]
Internal #1: Can't start optimize

Undefined function CronTask::cronoptimize (for cron)
2018-04-13 19:31:06 [@DESKTOP-RA5UTA9]
Internal #1: Can't start optimize

Undefined function CronTask::cronoptimize (for cron)
2018-04-13 19:32:23 [@DESKTOP-RA5UTA9]
Internal #1: Can't start optimize

Undefined function CronTask::cronoptimize (for cron)
2018-04-13 19:52:18 [@DESKTOP-RA5UTA9]
Internal #1: Can't start optimize

Undefined function CronTask::cronoptimize (for cron)
2018-04-13 19:53:14 [@DESKTOP-RA5UTA9]
Internal #1: Can't start optimize

Undefined function CronTask::cronoptimize (for cron)
2018-04-13 19:59:50 [2@DESKTOP-RA5UTA9]
Internal #1: Can't start optimize

Undefined function CronTask::cronoptimize (for cron)
2018-04-13 20:00:16 [@DESKTOP-RA5UTA9]
Internal #1: Can't start optimize

Undefined function CronTask::cronoptimize (for cron)
2018-04-13 20:00:19 [@DESKTOP-RA5UTA9]
Internal #1: Can't start optimize

Undefined function CronTask::cronoptimize (for cron)
2018-04-13 20:01:35 [@DESKTOP-RA5UTA9]
Internal #1: Can't start optimize

Undefined function CronTask::cronoptimize (for cron)
2018-04-13 20:11:08 [8@DESKTOP-RA5UTA9]
Internal #1: Can't start optimize

Undefined function CronTask::cronoptimize (for cron)
2018-04-13 20:21:39 [8@DESKTOP-RA5UTA9]
Internal #1: Can't start optimize

Undefined function CronTask::cronoptimize (for cron)
2018-04-13 20:26:27 [@DESKTOP-RA5UTA9]
Internal #1: Can't start optimize

Undefined function CronTask::cronoptimize (for cron)
2018-04-13 20:27:20 [@DESKTOP-RA5UTA9]
Internal #1: Can't start optimize

Undefined function CronTask::cronoptimize (for cron)
2018-04-13 20:29:48 [@DESKTOP-RA5UTA9]
Internal #1: Can't start optimize

Undefined function CronTask::cronoptimize (for cron)
2018-04-13 20:30:54 [@DESKTOP-RA5UTA9]
Internal #1: Can't start optimize

Undefined function CronTask::cronoptimize (for cron)
2018-04-13 20:31:27 [@DESKTOP-RA5UTA9]
Internal #1: Can't start optimize

Undefined function CronTask::cronoptimize (for cron)
2018-04-13 20:32:25 [@DESKTOP-RA5UTA9]
Internal #1: Can't start optimize

Undefined function CronTask::cronoptimize (for cron)
2018-04-13 20:34:43 [@DESKTOP-RA5UTA9]
Internal #1: Can't start optimize

Undefined function CronTask::cronoptimize (for cron)
2018-04-13 20:36:57 [@DESKTOP-RA5UTA9]
Internal #1: Can't start optimize

Undefined function CronTask::cronoptimize (for cron)
2018-04-13 20:37:18 [@DESKTOP-RA5UTA9]
Internal #1: Can't start optimize

Undefined function CronTask::cronoptimize (for cron)
2018-04-13 20:37:46 [@DESKTOP-RA5UTA9]
Internal #1: Can't start optimize

Undefined function CronTask::cronoptimize (for cron)
2018-04-13 20:38:24 [@DESKTOP-RA5UTA9]
Internal #1: Can't start optimize

Undefined function CronTask::cronoptimize (for cron)
2018-04-13 20:43:31 [2@DESKTOP-RA5UTA9]
Internal #1: Can't start optimize

Undefined function CronTask::cronoptimize (for cron)
2018-04-13 20:56:42 [2@DESKTOP-RA5UTA9]
Internal #1: Can't start optimize

Undefined function CronTask::cronoptimize (for cron)
2018-04-13 20:56:46 [@DESKTOP-RA5UTA9]
Internal #1: Can't start optimize

Undefined function CronTask::cronoptimize (for cron)
2018-04-13 20:57:04 [@DESKTOP-RA5UTA9]
Internal #1: Can't start optimize

Undefined function CronTask::cronoptimize (for cron)
2018-04-13 20:57:43 [@DESKTOP-RA5UTA9]
Internal #1: Can't start optimize

Undefined function CronTask::cronoptimize (for cron)
2018-04-13 21:00:16 [@DESKTOP-RA5UTA9]
Internal #1: Can't start optimize

Undefined function CronTask::cronoptimize (for cron)
2018-04-13 21:00:28 [@DESKTOP-RA5UTA9]
Internal #1: Can't start optimize

Undefined function CronTask::cronoptimize (for cron)
2018-04-13 21:02:43 [@DESKTOP-RA5UTA9]
Internal #1: Can't start optimize

Undefined function CronTask::cronoptimize (for cron)
2018-04-13 21:03:32 [@DESKTOP-RA5UTA9]
Internal #1: Can't start optimize

Undefined function CronTask::cronoptimize (for cron)
2018-04-13 21:09:40 [2@DESKTOP-RA5UTA9]
Internal #1: Can't start optimize

Undefined function CronTask::cronoptimize (for cron)
2018-04-13 21:13:03 [@DESKTOP-RA5UTA9]
Internal #1: Can't start optimize

Undefined function CronTask::cronoptimize (for cron)
2018-04-13 21:16:58 [@DESKTOP-RA5UTA9]
Internal #1: Can't start optimize

Undefined function CronTask::cronoptimize (for cron)
2018-04-13 21:19:35 [@DESKTOP-RA5UTA9]
Internal #1: Can't start optimize

Undefined function CronTask::cronoptimize (for cron)
2018-04-13 21:21:11 [@DESKTOP-RA5UTA9]
Internal #1: Can't start optimize

Undefined function CronTask::cronoptimize (for cron)
2018-04-13 21:21:45 [@DESKTOP-RA5UTA9]
Internal #1: Can't start optimize

Undefined function CronTask::cronoptimize (for cron)
2018-04-13 21:35:23 [9@DESKTOP-RA5UTA9]
Internal #1: Can't start optimize

Undefined function CronTask::cronoptimize (for cron)
2018-04-13 21:55:03 [9@DESKTOP-RA5UTA9]
Internal #1: Can't start optimize

Undefined function CronTask::cronoptimize (for cron)
2018-04-13 22:30:51 [9@DESKTOP-RA5UTA9]
Internal #1: Can't start optimize

Undefined function CronTask::cronoptimize (for cron)
2018-04-13 22:43:15 [9@DESKTOP-RA5UTA9]
Internal #1: Can't start optimize

Undefined function CronTask::cronoptimize (for cron)
2018-04-13 22:50:30 [9@DESKTOP-RA5UTA9]
Internal #1: Can't start optimize

Undefined function CronTask::cronoptimize (for cron)
2018-04-13 22:55:41 [9@DESKTOP-RA5UTA9]
Internal #1: Can't start optimize

Undefined function CronTask::cronoptimize (for cron)
2018-04-13 23:00:53 [9@DESKTOP-RA5UTA9]
Internal #1: Can't start optimize

Undefined function CronTask::cronoptimize (for cron)
2018-04-13 23:08:13 [9@DESKTOP-RA5UTA9]
Internal #1: Can't start optimize

Undefined function CronTask::cronoptimize (for cron)
2018-04-13 23:08:29 [@DESKTOP-RA5UTA9]
Internal #1: Can't start optimize

Undefined function CronTask::cronoptimize (for cron)
2018-04-13 23:17:43 [2@DESKTOP-RA5UTA9]
Internal #1: Can't start optimize

Undefined function CronTask::cronoptimize (for cron)
2018-04-13 23:21:24 [@DESKTOP-RA5UTA9]
Internal #1: Can't start optimize

Undefined function CronTask::cronoptimize (for cron)
2018-04-13 23:24:33 [@DESKTOP-RA5UTA9]
Internal #1: Can't start optimize

Undefined function CronTask::cronoptimize (for cron)
2018-04-13 23:24:37 [@DESKTOP-RA5UTA9]
Internal #1: Can't start optimize

Undefined function CronTask::cronoptimize (for cron)
2018-04-13 23:26:26 [@DESKTOP-RA5UTA9]
Internal #1: Can't start optimize

Undefined function CronTask::cronoptimize (for cron)
2018-04-13 23:26:56 [@DESKTOP-RA5UTA9]
Internal #1: Can't start optimize

Undefined function CronTask::cronoptimize (for cron)
2018-04-13 23:59:37 [9@DESKTOP-RA5UTA9]
Internal #1: Can't start optimize

Undefined function CronTask::cronoptimize (for cron)
2018-04-14 00:14:10 [9@DESKTOP-RA5UTA9]
Internal #1: Can't start optimize

Undefined function CronTask::cronoptimize (for cron)
2018-04-14 00:17:43 [@DESKTOP-RA5UTA9]
Internal #1: Can't start optimize

Undefined function CronTask::cronoptimize (for cron)
2018-04-14 00:19:41 [@DESKTOP-RA5UTA9]
Internal #1: Can't start optimize

Undefined function CronTask::cronoptimize (for cron)
2018-04-14 00:20:24 [@DESKTOP-RA5UTA9]
Internal #1: Can't start optimize

Undefined function CronTask::cronoptimize (for cron)
2018-04-14 00:22:55 [@DESKTOP-RA5UTA9]
Internal #1: Can't start optimize

Undefined function CronTask::cronoptimize (for cron)
2018-04-14 00:27:16 [@DESKTOP-RA5UTA9]
Internal #1: Can't start optimize

Undefined function CronTask::cronoptimize (for cron)
2018-04-14 00:29:31 [2@DESKTOP-RA5UTA9]
Internal #1: Can't start optimize

Undefined function CronTask::cronoptimize (for cron)
2018-04-14 00:35:18 [2@DESKTOP-RA5UTA9]
Internal #1: Can't start optimize

Undefined function CronTask::cronoptimize (for cron)
2018-04-14 00:35:29 [@DESKTOP-RA5UTA9]
Internal #1: Can't start optimize

Undefined function CronTask::cronoptimize (for cron)
2018-04-14 00:35:57 [@DESKTOP-RA5UTA9]
Internal #1: Can't start optimize

Undefined function CronTask::cronoptimize (for cron)
2018-04-14 00:36:16 [@DESKTOP-RA5UTA9]
Internal #1: Can't start optimize

Undefined function CronTask::cronoptimize (for cron)
2018-04-14 00:39:27 [2@DESKTOP-RA5UTA9]
Internal #1: Can't start optimize

Undefined function CronTask::cronoptimize (for cron)
2018-04-14 00:55:17 [2@DESKTOP-RA5UTA9]
Internal #1: Can't start optimize

Undefined function CronTask::cronoptimize (for cron)
2018-04-14 01:02:23 [2@DESKTOP-RA5UTA9]
Internal #1: Can't start optimize

Undefined function CronTask::cronoptimize (for cron)
2018-04-14 01:10:03 [2@DESKTOP-RA5UTA9]
Internal #1: Can't start optimize

Undefined function CronTask::cronoptimize (for cron)
2018-04-14 01:36:49 [2@DESKTOP-RA5UTA9]
Internal #1: Can't start optimize

Undefined function CronTask::cronoptimize (for cron)
2018-04-14 01:50:17 [2@DESKTOP-RA5UTA9]
Internal #1: Can't start optimize

Undefined function CronTask::cronoptimize (for cron)
2018-04-14 02:00:47 [@DESKTOP-RA5UTA9]
Internal #1: Can't start optimize

Undefined function CronTask::cronoptimize (for cron)
2018-04-14 02:01:05 [@DESKTOP-RA5UTA9]
Internal #1: Can't start optimize

Undefined function CronTask::cronoptimize (for cron)
2018-04-14 02:46:13 [2@DESKTOP-RA5UTA9]
Internal #1: Can't start optimize

Undefined function CronTask::cronoptimize (for cron)
2018-04-14 02:47:02 [@DESKTOP-RA5UTA9]
Internal #1: Can't start optimize

Undefined function CronTask::cronoptimize (for cron)
2018-04-14 02:47:13 [@DESKTOP-RA5UTA9]
Internal #1: Can't start optimize

Undefined function CronTask::cronoptimize (for cron)
2018-04-14 02:52:29 [9@DESKTOP-RA5UTA9]
Internal #1: Can't start optimize

Undefined function CronTask::cronoptimize (for cron)
2018-04-14 03:00:59 [9@DESKTOP-RA5UTA9]
Internal #1: Can't start optimize

Undefined function CronTask::cronoptimize (for cron)
2018-04-16 19:02:21 [@DESKTOP-RA5UTA9]
Internal #1: Can't start optimize

Undefined function CronTask::cronoptimize (for cron)
2018-04-16 19:14:40 [2@DESKTOP-RA5UTA9]
Internal #1: Can't start optimize

Undefined function CronTask::cronoptimize (for cron)
2018-04-16 21:54:22 [@DESKTOP-RA5UTA9]
Internal #1: Can't start optimize

Undefined function CronTask::cronoptimize (for cron)
2018-04-16 22:18:11 [9@DESKTOP-RA5UTA9]
Internal #1: Can't start optimize

Undefined function CronTask::cronoptimize (for cron)
2018-04-16 23:59:21 [@DESKTOP-RA5UTA9]
Internal #1: Can't start optimize

Undefined function CronTask::cronoptimize (for cron)
2018-04-17 00:08:34 [2@DESKTOP-RA5UTA9]
Internal #1: Can't start optimize

Undefined function CronTask::cronoptimize (for cron)
2018-04-17 00:13:28 [@DESKTOP-RA5UTA9]
Internal #1: Can't start optimize

Undefined function CronTask::cronoptimize (for cron)
2018-04-17 00:20:49 [9@DESKTOP-RA5UTA9]
Internal #1: Can't start optimize

Undefined function CronTask::cronoptimize (for cron)
2018-04-17 00:25:51 [9@DESKTOP-RA5UTA9]
Internal #1: Can't start optimize

Undefined function CronTask::cronoptimize (for cron)
2018-04-17 00:30:53 [9@DESKTOP-RA5UTA9]
Internal #1: Can't start optimize

Undefined function CronTask::cronoptimize (for cron)
2018-04-17 00:38:39 [9@DESKTOP-RA5UTA9]
Internal #1: Can't start optimize

Undefined function CronTask::cronoptimize (for cron)
2018-04-17 01:02:34 [9@DESKTOP-RA5UTA9]
Internal #1: Can't start optimize

Undefined function CronTask::cronoptimize (for cron)
2018-04-17 01:22:51 [9@DESKTOP-RA5UTA9]
Internal #1: Can't start optimize

Undefined function CronTask::cronoptimize (for cron)
2018-04-17 01:31:11 [9@DESKTOP-RA5UTA9]
Internal #1: Can't start optimize

Undefined function CronTask::cronoptimize (for cron)
2018-04-17 02:02:38 [@DESKTOP-RA5UTA9]
Internal #1: Can't start optimize

Undefined function CronTask::cronoptimize (for cron)
2018-04-17 02:20:53 [2@DESKTOP-RA5UTA9]
Internal #1: Can't start optimize

Undefined function CronTask::cronoptimize (for cron)
2018-04-17 02:34:30 [2@DESKTOP-RA5UTA9]
Internal #1: Can't start optimize

Undefined function CronTask::cronoptimize (for cron)
2018-04-17 02:35:45 [@DESKTOP-RA5UTA9]
Internal #1: Can't start optimize

Undefined function CronTask::cronoptimize (for cron)
2018-04-17 03:08:34 [9@DESKTOP-RA5UTA9]
Internal #1: Can't start optimize

Undefined function CronTask::cronoptimize (for cron)
2018-04-17 03:21:44 [9@DESKTOP-RA5UTA9]
Internal #1: Can't start optimize

Undefined function CronTask::cronoptimize (for cron)
2018-04-17 03:31:27 [9@DESKTOP-RA5UTA9]
Internal #1: Can't start optimize

Undefined function CronTask::cronoptimize (for cron)
2018-04-18 23:13:09 [9@DESKTOP-RA5UTA9]
Internal #1: Can't start optimize

Undefined function CronTask::cronoptimize (for cron)
2018-04-18 23:23:02 [9@DESKTOP-RA5UTA9]
Internal #1: Can't start optimize

Undefined function CronTask::cronoptimize (for cron)
2018-04-18 23:29:01 [9@DESKTOP-RA5UTA9]
Internal #1: Can't start optimize

Undefined function CronTask::cronoptimize (for cron)
2018-04-18 23:38:56 [@DESKTOP-RA5UTA9]
Internal #1: Can't start optimize

Undefined function CronTask::cronoptimize (for cron)
2018-04-18 23:44:24 [2@DESKTOP-RA5UTA9]
Internal #1: Can't start optimize

Undefined function CronTask::cronoptimize (for cron)
2018-04-19 00:00:00 [@DESKTOP-RA5UTA9]
Internal #1: Can't start optimize

Undefined function CronTask::cronoptimize (for cron)
2018-04-19 00:00:43 [@DESKTOP-RA5UTA9]
Internal #1: Can't start optimize

Undefined function CronTask::cronoptimize (for cron)
2018-04-19 00:01:16 [@DESKTOP-RA5UTA9]
Internal #1: Can't start optimize

Undefined function CronTask::cronoptimize (for cron)
2018-04-19 00:01:56 [@DESKTOP-RA5UTA9]
Internal #1: Can't start optimize

Undefined function CronTask::cronoptimize (for cron)
2018-04-19 00:27:12 [2@DESKTOP-RA5UTA9]
Internal #1: Can't start optimize

Undefined function CronTask::cronoptimize (for cron)
2018-04-19 01:01:13 [2@DESKTOP-RA5UTA9]
Internal #1: Can't start optimize

Undefined function CronTask::cronoptimize (for cron)
2018-04-19 02:34:06 [2@DESKTOP-RA5UTA9]
Internal #1: Can't start optimize

Undefined function CronTask::cronoptimize (for cron)
2018-04-19 02:35:01 [@DESKTOP-RA5UTA9]
Internal #1: Can't start optimize

Undefined function CronTask::cronoptimize (for cron)
2018-04-21 00:40:27 [@DESKTOP-RA5UTA9]
Internal #1: Can't start optimize

Undefined function CronTask::cronoptimize (for cron)
2018-04-21 02:24:24 [@DESKTOP-RA5UTA9]
Internal #1: Can't start optimize

Undefined function CronTask::cronoptimize (for cron)
2018-04-21 02:29:53 [9@DESKTOP-RA5UTA9]
Internal #1: Can't start optimize

Undefined function CronTask::cronoptimize (for cron)
2018-04-21 02:41:11 [9@DESKTOP-RA5UTA9]
Internal #1: Can't start optimize

Undefined function CronTask::cronoptimize (for cron)
2018-04-23 16:58:08 [9@DESKTOP-RA5UTA9]
Internal #1: Can't start optimize

Undefined function CronTask::cronoptimize (for cron)
2018-04-23 17:09:28 [9@DESKTOP-RA5UTA9]
Internal #1: Can't start optimize

Undefined function CronTask::cronoptimize (for cron)
2018-04-23 17:15:31 [9@DESKTOP-RA5UTA9]
Internal #1: Can't start optimize

Undefined function CronTask::cronoptimize (for cron)
2018-04-23 17:23:26 [9@DESKTOP-RA5UTA9]
Internal #1: Can't start optimize

Undefined function CronTask::cronoptimize (for cron)
2018-04-23 17:25:16 [@DESKTOP-RA5UTA9]
Internal #1: Can't start optimize

Undefined function CronTask::cronoptimize (for cron)
2018-04-23 17:29:40 [@DESKTOP-RA5UTA9]
Internal #1: Can't start optimize

Undefined function CronTask::cronoptimize (for cron)
2018-04-23 17:35:24 [9@DESKTOP-RA5UTA9]
Internal #1: Can't start optimize

Undefined function CronTask::cronoptimize (for cron)
2018-04-23 18:24:11 [@DESKTOP-RA5UTA9]
Internal #1: Can't start optimize

Undefined function CronTask::cronoptimize (for cron)
2018-04-23 18:24:46 [@DESKTOP-RA5UTA9]
Internal #1: Can't start optimize

Undefined function CronTask::cronoptimize (for cron)
2018-04-23 18:26:07 [@DESKTOP-RA5UTA9]
Internal #1: Can't start optimize

Undefined function CronTask::cronoptimize (for cron)
2018-04-23 18:26:41 [@DESKTOP-RA5UTA9]
Internal #1: Can't start optimize

Undefined function CronTask::cronoptimize (for cron)
2018-04-23 18:27:10 [@DESKTOP-RA5UTA9]
Internal #1: Can't start optimize

Undefined function CronTask::cronoptimize (for cron)
2018-04-23 18:31:21 [@DESKTOP-RA5UTA9]
Internal #1: Can't start optimize

Undefined function CronTask::cronoptimize (for cron)
2018-04-23 18:32:07 [@DESKTOP-RA5UTA9]
Internal #1: Can't start optimize

Undefined function CronTask::cronoptimize (for cron)
2018-04-23 18:32:58 [@DESKTOP-RA5UTA9]
Internal #1: Can't start optimize

Undefined function CronTask::cronoptimize (for cron)
2018-04-23 18:33:32 [@DESKTOP-RA5UTA9]
Internal #1: Can't start optimize

Undefined function CronTask::cronoptimize (for cron)
2018-04-23 18:34:47 [@DESKTOP-RA5UTA9]
Internal #1: Can't start optimize

Undefined function CronTask::cronoptimize (for cron)
2018-04-23 18:36:31 [@DESKTOP-RA5UTA9]
Internal #1: Can't start optimize

Undefined function CronTask::cronoptimize (for cron)
2018-04-23 18:38:27 [@DESKTOP-RA5UTA9]
Internal #1: Can't start optimize

Undefined function CronTask::cronoptimize (for cron)
2018-04-23 18:39:15 [@DESKTOP-RA5UTA9]
Internal #1: Can't start optimize

Undefined function CronTask::cronoptimize (for cron)
2018-04-23 18:42:30 [@DESKTOP-RA5UTA9]
Internal #1: Can't start optimize

Undefined function CronTask::cronoptimize (for cron)
2018-04-23 18:47:10 [@DESKTOP-RA5UTA9]
Internal #1: Can't start optimize

Undefined function CronTask::cronoptimize (for cron)
2018-04-23 18:47:32 [@DESKTOP-RA5UTA9]
Internal #1: Can't start optimize

Undefined function CronTask::cronoptimize (for cron)
2018-04-23 18:51:31 [@DESKTOP-RA5UTA9]
Internal #1: Can't start optimize

Undefined function CronTask::cronoptimize (for cron)
2018-04-23 18:51:57 [@DESKTOP-RA5UTA9]
Internal #1: Can't start optimize

Undefined function CronTask::cronoptimize (for cron)
2018-04-23 18:53:55 [@DESKTOP-RA5UTA9]
Internal #1: Can't start optimize

Undefined function CronTask::cronoptimize (for cron)
2018-04-23 18:54:10 [@DESKTOP-RA5UTA9]
Internal #1: Can't start optimize

Undefined function CronTask::cronoptimize (for cron)
2018-04-23 18:56:39 [@DESKTOP-RA5UTA9]
Internal #1: Can't start optimize

Undefined function CronTask::cronoptimize (for cron)
2018-04-23 18:57:07 [@DESKTOP-RA5UTA9]
Internal #1: Can't start optimize

Undefined function CronTask::cronoptimize (for cron)
2018-04-23 18:58:55 [@DESKTOP-RA5UTA9]
Internal #1: Can't start optimize

Undefined function CronTask::cronoptimize (for cron)
2018-04-23 18:59:39 [@DESKTOP-RA5UTA9]
Internal #1: Can't start optimize

Undefined function CronTask::cronoptimize (for cron)
2018-04-23 19:04:51 [2@DESKTOP-RA5UTA9]
Internal #1: Can't start optimize

Undefined function CronTask::cronoptimize (for cron)
2018-04-23 19:05:10 [@DESKTOP-RA5UTA9]
Internal #1: Can't start optimize

Undefined function CronTask::cronoptimize (for cron)
2018-04-23 19:14:27 [9@DESKTOP-RA5UTA9]
Internal #1: Can't start optimize

Undefined function CronTask::cronoptimize (for cron)
2018-04-23 19:21:30 [9@DESKTOP-RA5UTA9]
Internal #1: Can't start optimize

Undefined function CronTask::cronoptimize (for cron)
2018-04-23 19:35:02 [9@DESKTOP-RA5UTA9]
Internal #1: Can't start optimize

Undefined function CronTask::cronoptimize (for cron)
2018-04-23 19:35:13 [@DESKTOP-RA5UTA9]
Internal #1: Can't start optimize

Undefined function CronTask::cronoptimize (for cron)
2018-04-23 19:43:16 [2@DESKTOP-RA5UTA9]
Internal #1: Can't start optimize

Undefined function CronTask::cronoptimize (for cron)
2018-04-23 22:37:36 [2@DESKTOP-RA5UTA9]
Internal #1: Can't start optimize

Undefined function CronTask::cronoptimize (for cron)
2018-04-23 22:37:38 [@DESKTOP-RA5UTA9]
Internal #1: Can't start optimize

Undefined function CronTask::cronoptimize (for cron)
2018-04-23 23:30:11 [@DESKTOP-RA5UTA9]
Internal #1: Can't start optimize

Undefined function CronTask::cronoptimize (for cron)
2018-04-24 02:40:37 [2@DESKTOP-RA5UTA9]
Internal #1: Can't start optimize

Undefined function CronTask::cronoptimize (for cron)
2018-04-24 02:40:41 [@DESKTOP-RA5UTA9]
Internal #1: Can't start optimize

Undefined function CronTask::cronoptimize (for cron)
2018-04-24 02:56:11 [9@DESKTOP-RA5UTA9]
Internal #1: Can't start optimize

Undefined function CronTask::cronoptimize (for cron)
2018-04-24 03:23:21 [9@DESKTOP-RA5UTA9]
Internal #1: Can't start optimize

Undefined function CronTask::cronoptimize (for cron)
2018-04-24 03:37:56 [9@DESKTOP-RA5UTA9]
Internal #1: Can't start optimize

Undefined function CronTask::cronoptimize (for cron)
2018-04-24 04:11:13 [9@DESKTOP-RA5UTA9]
Internal #1: Can't start optimize

Undefined function CronTask::cronoptimize (for cron)
2018-04-24 19:14:01 [9@DESKTOP-RA5UTA9]
Internal #1: Can't start optimize

Undefined function CronTask::cronoptimize (for cron)
2018-04-24 19:14:07 [@DESKTOP-RA5UTA9]
Internal #1: Can't start optimize

Undefined function CronTask::cronoptimize (for cron)
2018-04-24 19:23:11 [2@DESKTOP-RA5UTA9]
Internal #1: Can't start optimize

Undefined function CronTask::cronoptimize (for cron)
2018-04-24 19:29:16 [2@DESKTOP-RA5UTA9]
Internal #1: Can't start optimize

Undefined function CronTask::cronoptimize (for cron)
2018-04-24 19:39:30 [2@DESKTOP-RA5UTA9]
Internal #1: Can't start optimize

Undefined function CronTask::cronoptimize (for cron)
2018-04-24 19:46:21 [2@DESKTOP-RA5UTA9]
Internal #1: Can't start optimize

Undefined function CronTask::cronoptimize (for cron)
2018-04-24 19:52:30 [2@DESKTOP-RA5UTA9]
Internal #1: Can't start optimize

Undefined function CronTask::cronoptimize (for cron)
2018-04-24 19:57:41 [2@DESKTOP-RA5UTA9]
Internal #1: Can't start optimize

Undefined function CronTask::cronoptimize (for cron)
2018-04-24 20:03:01 [2@DESKTOP-RA5UTA9]
Internal #1: Can't start optimize

Undefined function CronTask::cronoptimize (for cron)
2018-04-24 20:09:11 [2@DESKTOP-RA5UTA9]
Internal #1: Can't start optimize

Undefined function CronTask::cronoptimize (for cron)
2018-04-24 20:17:41 [2@DESKTOP-RA5UTA9]
Internal #1: Can't start optimize

Undefined function CronTask::cronoptimize (for cron)
2018-04-24 20:22:52 [2@DESKTOP-RA5UTA9]
Internal #1: Can't start optimize

Undefined function CronTask::cronoptimize (for cron)
2018-04-24 20:30:30 [2@DESKTOP-RA5UTA9]
Internal #1: Can't start optimize

Undefined function CronTask::cronoptimize (for cron)
2018-04-24 20:33:33 [@DESKTOP-RA5UTA9]
Internal #1: Can't start optimize

Undefined function CronTask::cronoptimize (for cron)
2018-04-24 21:11:13 [11@DESKTOP-RA5UTA9]
Internal #1: Can't start optimize

Undefined function CronTask::cronoptimize (for cron)
2018-04-24 21:21:08 [11@DESKTOP-RA5UTA9]
Internal #1: Can't start optimize

Undefined function CronTask::cronoptimize (for cron)
2018-04-25 00:11:59 [11@DESKTOP-RA5UTA9]
Internal #1: Can't start optimize

Undefined function CronTask::cronoptimize (for cron)
2018-05-02 22:21:00 [@DESKTOP-RA5UTA9]
Internal #1: Can't start optimize

Undefined function CronTask::cronoptimize (for cron)
2018-05-02 22:27:47 [2@DESKTOP-RA5UTA9]
Internal #1: Can't start optimize

Undefined function CronTask::cronoptimize (for cron)
2018-05-02 22:35:49 [2@DESKTOP-RA5UTA9]
Internal #1: Can't start optimize

Undefined function CronTask::cronoptimize (for cron)
2018-05-02 22:43:35 [2@DESKTOP-RA5UTA9]
Internal #1: Can't start optimize

Undefined function CronTask::cronoptimize (for cron)
2018-05-02 23:20:30 [2@DESKTOP-RA5UTA9]
Internal #1: Can't start optimize

Undefined function CronTask::cronoptimize (for cron)
2018-05-02 23:32:24 [2@DESKTOP-RA5UTA9]
Internal #1: Can't start optimize

Undefined function CronTask::cronoptimize (for cron)
2018-05-02 23:45:06 [2@DESKTOP-RA5UTA9]
Internal #1: Can't start optimize

Undefined function CronTask::cronoptimize (for cron)
2018-05-02 23:56:02 [2@DESKTOP-RA5UTA9]
Internal #1: Can't start optimize

Undefined function CronTask::cronoptimize (for cron)
2018-05-02 23:58:37 [@DESKTOP-RA5UTA9]
Internal #1: Can't start optimize

Undefined function CronTask::cronoptimize (for cron)
2018-05-03 00:01:32 [@DESKTOP-RA5UTA9]
Internal #1: Can't start optimize

Undefined function CronTask::cronoptimize (for cron)
2018-05-03 00:07:12 [2@DESKTOP-RA5UTA9]
Internal #1: Can't start optimize

Undefined function CronTask::cronoptimize (for cron)
2018-05-03 00:09:08 [@DESKTOP-RA5UTA9]
Internal #1: Can't start optimize

Undefined function CronTask::cronoptimize (for cron)
2018-05-03 00:19:47 [9@DESKTOP-RA5UTA9]
Internal #1: Can't start optimize

Undefined function CronTask::cronoptimize (for cron)
2018-05-03 00:20:24 [@DESKTOP-RA5UTA9]
Internal #1: Can't start optimize

Undefined function CronTask::cronoptimize (for cron)
2018-05-03 00:31:10 [2@DESKTOP-RA5UTA9]
Internal #1: Can't start optimize

Undefined function CronTask::cronoptimize (for cron)
2018-05-03 00:41:29 [2@DESKTOP-RA5UTA9]
Internal #1: Can't start optimize

Undefined function CronTask::cronoptimize (for cron)
2018-05-03 00:56:09 [2@DESKTOP-RA5UTA9]
Internal #1: Can't start optimize

Undefined function CronTask::cronoptimize (for cron)
2018-05-03 01:05:19 [2@DESKTOP-RA5UTA9]
Internal #1: Can't start optimize

Undefined function CronTask::cronoptimize (for cron)
2018-05-03 01:11:00 [2@DESKTOP-RA5UTA9]
Internal #1: Can't start optimize

Undefined function CronTask::cronoptimize (for cron)
2018-05-03 01:16:28 [2@DESKTOP-RA5UTA9]
Internal #1: Can't start optimize

Undefined function CronTask::cronoptimize (for cron)
2018-05-03 01:22:40 [2@DESKTOP-RA5UTA9]
Internal #1: Can't start optimize

Undefined function CronTask::cronoptimize (for cron)
2018-05-03 01:28:03 [2@DESKTOP-RA5UTA9]
Internal #1: Can't start optimize

Undefined function CronTask::cronoptimize (for cron)
2018-05-03 01:49:52 [2@DESKTOP-RA5UTA9]
Internal #1: Can't start optimize

Undefined function CronTask::cronoptimize (for cron)
2018-05-03 01:52:02 [@DESKTOP-RA5UTA9]
Internal #1: Can't start optimize

Undefined function CronTask::cronoptimize (for cron)
2018-05-03 01:53:07 [@DESKTOP-RA5UTA9]
Internal #1: Can't start optimize

Undefined function CronTask::cronoptimize (for cron)
2018-05-03 02:00:27 [2@DESKTOP-RA5UTA9]
Internal #1: Can't start optimize

Undefined function CronTask::cronoptimize (for cron)
2018-05-03 02:05:29 [2@DESKTOP-RA5UTA9]
Internal #1: Can't start optimize

Undefined function CronTask::cronoptimize (for cron)
2018-05-03 02:16:19 [2@DESKTOP-RA5UTA9]
Internal #1: Can't start optimize

Undefined function CronTask::cronoptimize (for cron)
2018-05-03 02:26:54 [2@DESKTOP-RA5UTA9]
Internal #1: Can't start optimize

Undefined function CronTask::cronoptimize (for cron)
2018-05-03 03:12:38 [2@DESKTOP-RA5UTA9]
Internal #1: Can't start optimize

Undefined function CronTask::cronoptimize (for cron)
2018-05-03 03:17:36 [2@DESKTOP-RA5UTA9]
Internal #1: Can't start optimize

Undefined function CronTask::cronoptimize (for cron)
2018-05-03 03:25:08 [2@DESKTOP-RA5UTA9]
Internal #1: Can't start optimize

Undefined function CronTask::cronoptimize (for cron)
2018-05-03 03:31:00 [2@DESKTOP-RA5UTA9]
Internal #1: Can't start optimize

Undefined function CronTask::cronoptimize (for cron)
2018-05-03 03:32:17 [@DESKTOP-RA5UTA9]
Internal #1: Can't start optimize

Undefined function CronTask::cronoptimize (for cron)
2018-05-07 23:22:17 [9@DESKTOP-RA5UTA9]
Internal #1: Can't start optimize

Undefined function CronTask::cronoptimize (for cron)
2018-05-07 23:22:45 [@DESKTOP-RA5UTA9]
Internal #1: Can't start optimize

Undefined function CronTask::cronoptimize (for cron)
2018-05-07 23:32:25 [@DESKTOP-RA5UTA9]
Internal #1: Can't start optimize

Undefined function CronTask::cronoptimize (for cron)
2018-05-07 23:39:10 [9@DESKTOP-RA5UTA9]
Internal #1: Can't start optimize

Undefined function CronTask::cronoptimize (for cron)
2018-05-07 23:39:22 [@DESKTOP-RA5UTA9]
Internal #1: Can't start optimize

Undefined function CronTask::cronoptimize (for cron)
2018-05-07 23:40:00 [@DESKTOP-RA5UTA9]
Internal #1: Can't start optimize

Undefined function CronTask::cronoptimize (for cron)
2018-05-07 23:55:23 [9@DESKTOP-RA5UTA9]
Internal #1: Can't start optimize

Undefined function CronTask::cronoptimize (for cron)
2018-05-07 23:57:59 [@DESKTOP-RA5UTA9]
Internal #1: Can't start optimize

Undefined function CronTask::cronoptimize (for cron)
2018-05-08 00:03:06 [@DESKTOP-RA5UTA9]
Internal #1: Can't start optimize

Undefined function CronTask::cronoptimize (for cron)
2018-05-08 00:03:46 [@DESKTOP-RA5UTA9]
Internal #1: Can't start optimize

Undefined function CronTask::cronoptimize (for cron)
2018-05-08 00:04:32 [@DESKTOP-RA5UTA9]
Internal #1: Can't start optimize

Undefined function CronTask::cronoptimize (for cron)
2018-05-08 02:55:32 [9@DESKTOP-RA5UTA9]
Internal #1: Can't start optimize

Undefined function CronTask::cronoptimize (for cron)
2018-05-08 21:06:33 [@DESKTOP-RA5UTA9]
Internal #1: Can't start optimize

Undefined function CronTask::cronoptimize (for cron)
2018-05-09 01:06:50 [2@DESKTOP-RA5UTA9]
Internal #1: Can't start optimize

Undefined function CronTask::cronoptimize (for cron)
2018-05-09 01:45:39 [2@DESKTOP-RA5UTA9]
Internal #1: Can't start optimize

Undefined function CronTask::cronoptimize (for cron)
2018-05-09 10:00:08 [@DESKTOP-7BIHDPC]
Internal #1: Can't start optimize

Undefined function CronTask::cronoptimize (for cron)
2018-05-09 10:01:29 [@DESKTOP-7BIHDPC]
Internal #1: Can't start optimize

Undefined function CronTask::cronoptimize (for cron)
2018-05-09 10:08:04 [9@DESKTOP-7BIHDPC]
Internal #1: Can't start optimize

Undefined function CronTask::cronoptimize (for cron)
2018-05-09 10:14:29 [@DESKTOP-7BIHDPC]
Internal #1: Can't start optimize

Undefined function CronTask::cronoptimize (for cron)
2018-05-09 10:26:45 [2@DESKTOP-7BIHDPC]
Internal #1: Can't start optimize

Undefined function CronTask::cronoptimize (for cron)
2018-05-09 10:34:41 [2@DESKTOP-7BIHDPC]
Internal #1: Can't start optimize

Undefined function CronTask::cronoptimize (for cron)
2018-05-09 10:46:34 [2@DESKTOP-7BIHDPC]
Internal #1: Can't start optimize

Undefined function CronTask::cronoptimize (for cron)
2018-05-09 10:51:55 [2@DESKTOP-7BIHDPC]
Internal #1: Can't start optimize

Undefined function CronTask::cronoptimize (for cron)
2018-05-09 10:55:18 [@DESKTOP-7BIHDPC]
Internal #1: Can't start optimize

Undefined function CronTask::cronoptimize (for cron)
2018-05-09 11:01:08 [2@DESKTOP-7BIHDPC]
Internal #1: Can't start optimize

Undefined function CronTask::cronoptimize (for cron)
2018-05-09 12:30:22 [2@DESKTOP-7BIHDPC]
Internal #1: Can't start optimize

Undefined function CronTask::cronoptimize (for cron)
2018-05-09 12:35:53 [2@DESKTOP-7BIHDPC]
Internal #1: Can't start optimize

Undefined function CronTask::cronoptimize (for cron)
2018-05-09 13:08:27 [2@DESKTOP-7BIHDPC]
Internal #1: Can't start optimize

Undefined function CronTask::cronoptimize (for cron)
2018-05-10 07:56:34 [@DESKTOP-7BIHDPC]
Internal #1: Can't start optimize

Undefined function CronTask::cronoptimize (for cron)
2018-05-10 07:56:41 [@DESKTOP-7BIHDPC]
Internal #1: Can't start optimize

Undefined function CronTask::cronoptimize (for cron)
2018-05-10 07:56:58 [@DESKTOP-7BIHDPC]
Internal #1: Can't start optimize

Undefined function CronTask::cronoptimize (for cron)
2018-05-10 07:57:19 [@DESKTOP-7BIHDPC]
Internal #1: Can't start optimize

Undefined function CronTask::cronoptimize (for cron)
2018-05-10 08:15:29 [9@DESKTOP-7BIHDPC]
Internal #1: Can't start optimize

Undefined function CronTask::cronoptimize (for cron)
2018-05-10 08:29:11 [9@DESKTOP-7BIHDPC]
Internal #1: Can't start optimize

Undefined function CronTask::cronoptimize (for cron)
2018-05-10 08:29:25 [@DESKTOP-7BIHDPC]
Internal #1: Can't start optimize

Undefined function CronTask::cronoptimize (for cron)
2018-05-10 08:34:33 [2@DESKTOP-7BIHDPC]
Internal #1: Can't start optimize

Undefined function CronTask::cronoptimize (for cron)
2018-05-10 08:34:43 [@DESKTOP-7BIHDPC]
Internal #1: Can't start optimize

Undefined function CronTask::cronoptimize (for cron)
2018-05-11 13:06:21 [@DESKTOP-7BIHDPC]
Internal #1: Can't start optimize

Undefined function CronTask::cronoptimize (for cron)
2018-05-11 13:08:30 [@DESKTOP-7BIHDPC]
Internal #1: Can't start optimize

Undefined function CronTask::cronoptimize (for cron)
2018-05-14 09:49:28 [@DESKTOP-7BIHDPC]
Internal #1: Can't start optimize

Undefined function CronTask::cronoptimize (for cron)
2018-05-14 09:52:05 [@DESKTOP-7BIHDPC]
Internal #1: Can't start optimize

Undefined function CronTask::cronoptimize (for cron)
2018-05-14 10:29:35 [9@DESKTOP-7BIHDPC]
Internal #1: Can't start optimize

Undefined function CronTask::cronoptimize (for cron)
2018-05-14 10:30:06 [@DESKTOP-7BIHDPC]
Internal #1: Can't start optimize

Undefined function CronTask::cronoptimize (for cron)
2018-05-14 10:30:14 [@DESKTOP-7BIHDPC]
Internal #1: Can't start optimize

Undefined function CronTask::cronoptimize (for cron)
2018-05-14 10:32:44 [@DESKTOP-7BIHDPC]
Internal #1: Can't start optimize

Undefined function CronTask::cronoptimize (for cron)
2018-05-14 10:34:35 [@DESKTOP-7BIHDPC]
Internal #1: Can't start optimize

Undefined function CronTask::cronoptimize (for cron)
2018-05-14 11:13:05 [9@DESKTOP-7BIHDPC]
Internal #1: Can't start optimize

Undefined function CronTask::cronoptimize (for cron)
2018-05-14 11:13:38 [@DESKTOP-7BIHDPC]
Internal #1: Can't start optimize

Undefined function CronTask::cronoptimize (for cron)
2018-05-14 13:14:19 [2@DESKTOP-7BIHDPC]
Internal #1: Can't start optimize

Undefined function CronTask::cronoptimize (for cron)
2018-05-14 13:15:23 [@DESKTOP-7BIHDPC]
Internal #1: Can't start optimize

Undefined function CronTask::cronoptimize (for cron)
2018-05-21 15:13:19 [@DESKTOP-7BIHDPC]
Internal #1: Can't start optimize

Undefined function CronTask::cronoptimize (for cron)
2018-05-21 15:19:19 [2@DESKTOP-7BIHDPC]
Internal #1: Can't start optimize

Undefined function CronTask::cronoptimize (for cron)
2018-05-21 15:19:41 [@DESKTOP-7BIHDPC]
Internal #1: Can't start optimize

Undefined function CronTask::cronoptimize (for cron)
2018-05-21 16:12:40 [9@DESKTOP-7BIHDPC]
Internal #1: Can't start optimize

Undefined function CronTask::cronoptimize (for cron)
