2018-04-10 21:01:45 [@DESKTOP-RA5UTA9]
[login] 3: glpi log in from IP ::1
2018-04-10 21:43:15 [@DESKTOP-RA5UTA9]
[login] 3: glpi log in from IP ::1
2018-04-11 01:19:46 [@DESKTOP-RA5UTA9]
[login] 3: glpi log in from IP ::1
2018-04-11 01:25:24 [@DESKTOP-RA5UTA9]
[login] 3: normal log in from IP ::1
2018-04-11 01:25:43 [@DESKTOP-RA5UTA9]
[login] 3: post-only log in from IP ::1
2018-04-11 01:29:05 [@DESKTOP-RA5UTA9]
[login] 3: normal log in from IP ::1
2018-04-11 01:39:06 [@DESKTOP-RA5UTA9]
[login] 3: post-only log in from IP ::1
2018-04-11 18:31:27 [@DESKTOP-RA5UTA9]
[login] 3: post-only log in from IP ::1
2018-04-11 18:31:49 [@DESKTOP-RA5UTA9]
[login] 3: glpi log in from IP ::1
2018-04-11 18:36:02 [@DESKTOP-RA5UTA9]
[login] 3: tech log in from IP ::1
2018-04-11 18:36:58 [@DESKTOP-RA5UTA9]
[login] 3: glpi log in from IP ::1
2018-04-11 18:43:57 [@DESKTOP-RA5UTA9]
[login] 3: ankush log in from IP ::1
2018-04-11 18:47:51 [@DESKTOP-RA5UTA9]
[login] 3: post-only log in from IP ::1
2018-04-11 18:48:36 [@DESKTOP-RA5UTA9]
[login] 3: normal log in from IP ::1
2018-04-11 19:49:45 [@DESKTOP-RA5UTA9]
[login] 3: glpi log in from IP ::1
2018-04-11 19:54:06 [@DESKTOP-RA5UTA9]
[login] 3: ankush log in from IP ::1
2018-04-11 20:14:42 [@DESKTOP-RA5UTA9]
[login] 3: normal log in from IP ::1
2018-04-11 20:15:54 [@DESKTOP-RA5UTA9]
[login] 3: glpi log in from IP ::1
2018-04-11 20:21:05 [@DESKTOP-RA5UTA9]
[login] 3: normal log in from IP ::1
2018-04-11 20:21:47 [@DESKTOP-RA5UTA9]
[login] 3: post-only log in from IP ::1
2018-04-11 20:22:00 [@DESKTOP-RA5UTA9]
[login] 3: tech log in from IP ::1
2018-04-11 20:22:37 [@DESKTOP-RA5UTA9]
[login] 3: glpi log in from IP ::1
2018-04-11 20:26:52 [@DESKTOP-RA5UTA9]
[login] 3: homeshwar log in from IP ::1
2018-04-11 20:31:39 [@DESKTOP-RA5UTA9]
[login] 3: post-only log in from IP ::1
2018-04-11 20:45:31 [@DESKTOP-RA5UTA9]
[login] 3: glpi log in from IP ::1
2018-04-11 21:13:18 [@DESKTOP-RA5UTA9]
[login] 3: homeshwar log in from IP ::1
2018-04-11 21:15:39 [@DESKTOP-RA5UTA9]
[login] 3: glpi log in from IP ::1
2018-04-11 21:25:16 [@DESKTOP-RA5UTA9]
[login] 3: tech log in from IP ::1
2018-04-11 21:32:03 [@DESKTOP-RA5UTA9]
[login] 3: glpi log in from IP ::1
2018-04-12 02:53:17 [@DESKTOP-RA5UTA9]
[login] 3: tech log in from IP ::1
2018-04-12 18:56:39 [@DESKTOP-RA5UTA9]
[login] 3: glpi log in from IP ::1
2018-04-12 19:13:36 [@DESKTOP-RA5UTA9]
[login] 3: tech log in from IP ::1
2018-04-12 19:19:02 [@DESKTOP-RA5UTA9]
[login] 3: glpi log in from IP ::1
2018-04-13 00:52:16 [@DESKTOP-RA5UTA9]
[login] 3: glpi log in from IP ::1
2018-04-13 01:10:44 [@DESKTOP-RA5UTA9]
[login] 3: tech log in from IP ::1
2018-04-13 01:11:19 [@DESKTOP-RA5UTA9]
[login] 3: glpi log in from IP ::1
2018-04-13 01:31:04 [@DESKTOP-RA5UTA9]
[login] 3: homeshwar log in from IP ::1
2018-04-13 02:06:08 [@DESKTOP-RA5UTA9]
[login] 3: glpi log in from IP ::1
2018-04-13 02:08:51 [@DESKTOP-RA5UTA9]
[login] 3: homeshwar log in from IP ::1
2018-04-13 02:09:58 [@DESKTOP-RA5UTA9]
[login] 3: glpi log in from IP ::1
2018-04-13 02:10:41 [@DESKTOP-RA5UTA9]
[login] 3: Failed login for homeshwar from IP ::1
2018-04-13 02:11:01 [@DESKTOP-RA5UTA9]
[login] 3: homeshwar log in from IP ::1
2018-04-13 02:13:02 [@DESKTOP-RA5UTA9]
[login] 3: tech log in from IP ::1
2018-04-13 02:14:32 [@DESKTOP-RA5UTA9]
[login] 3: Failed login for homeshwar from IP ::1
2018-04-13 02:14:41 [@DESKTOP-RA5UTA9]
[login] 3: homeshwar log in from IP ::1
2018-04-13 02:15:26 [@DESKTOP-RA5UTA9]
[login] 3: tech log in from IP ::1
2018-04-13 02:37:18 [@DESKTOP-RA5UTA9]
[login] 3: glpi log in from IP ::1
2018-04-13 03:07:42 [@DESKTOP-RA5UTA9]
[login] 3: glpi log in from IP ::1
2018-04-13 18:58:36 [@DESKTOP-RA5UTA9]
[login] 3: glpi log in from IP ::1
2018-04-13 19:31:14 [@DESKTOP-RA5UTA9]
[login] 3: tech log in from IP ::1
2018-04-13 19:32:31 [@DESKTOP-RA5UTA9]
[login] 3: glpi log in from IP ::1
2018-04-13 19:52:23 [@DESKTOP-RA5UTA9]
[login] 3: tech log in from IP ::1
2018-04-13 19:53:17 [@DESKTOP-RA5UTA9]
[login] 3: glpi log in from IP ::1
2018-04-13 20:00:25 [@DESKTOP-RA5UTA9]
[login] 3: glpi log in from IP ::1
2018-04-13 20:01:41 [@DESKTOP-RA5UTA9]
[login] 3: hotliner log in from IP ::1
2018-04-13 20:26:33 [@DESKTOP-RA5UTA9]
[login] 3: tech log in from IP ::1
2018-04-13 20:27:24 [@DESKTOP-RA5UTA9]
[login] 3: glpi log in from IP ::1
2018-04-13 20:29:54 [@DESKTOP-RA5UTA9]
[login] 3: tech log in from IP ::1
2018-04-13 20:30:58 [@DESKTOP-RA5UTA9]
[login] 3: glpi log in from IP ::1
2018-04-13 20:31:34 [@DESKTOP-RA5UTA9]
[login] 3: tech log in from IP ::1
2018-04-13 20:32:30 [@DESKTOP-RA5UTA9]
[login] 3: glpi log in from IP ::1
2018-04-13 20:34:53 [@DESKTOP-RA5UTA9]
[login] 3: glpi log in from IP ::1
2018-04-13 20:37:03 [@DESKTOP-RA5UTA9]
[login] 3: normal log in from IP ::1
2018-04-13 20:37:24 [@DESKTOP-RA5UTA9]
[login] 3: post-only log in from IP ::1
2018-04-13 20:37:52 [@DESKTOP-RA5UTA9]
[login] 3: tech log in from IP ::1
2018-04-13 20:38:29 [@DESKTOP-RA5UTA9]
[login] 3: glpi log in from IP ::1
2018-04-13 20:56:53 [@DESKTOP-RA5UTA9]
[login] 3: ankush log in from IP ::1
2018-04-13 20:57:14 [@DESKTOP-RA5UTA9]
[login] 3: hotliner log in from IP ::1
2018-04-13 20:57:47 [@DESKTOP-RA5UTA9]
[login] 3: glpi log in from IP ::1
2018-04-13 21:00:21 [@DESKTOP-RA5UTA9]
[login] 3: ankush log in from IP ::1
2018-04-13 21:00:32 [@DESKTOP-RA5UTA9]
[login] 3: glpi log in from IP ::1
2018-04-13 21:02:51 [@DESKTOP-RA5UTA9]
[login] 3: hotliner log in from IP ::1
2018-04-13 21:03:37 [@DESKTOP-RA5UTA9]
[login] 3: glpi log in from IP ::1
2018-04-13 21:13:16 [@DESKTOP-RA5UTA9]
[login] 3: ankush log in from IP ::1
2018-04-13 21:17:03 [@DESKTOP-RA5UTA9]
[login] 3: glpi log in from IP ::1
2018-04-13 21:19:47 [@DESKTOP-RA5UTA9]
[login] 3: ankush log in from IP ::1
2018-04-13 21:21:15 [@DESKTOP-RA5UTA9]
[login] 3: glpi log in from IP ::1
2018-04-13 21:21:51 [@DESKTOP-RA5UTA9]
[login] 3: ankush log in from IP ::1
2018-04-13 23:08:37 [@DESKTOP-RA5UTA9]
[login] 3: glpi log in from IP ::1
2018-04-13 23:26:24 [@DESKTOP-RA5UTA9]
[login] 3: Failed login for  from IP ::1
2018-04-13 23:26:35 [@DESKTOP-RA5UTA9]
[login] 3: tech log in from IP ::1
2018-04-13 23:27:01 [@DESKTOP-RA5UTA9]
[login] 3: ankush log in from IP ::1
2018-04-14 00:17:49 [@DESKTOP-RA5UTA9]
[login] 3: glpi log in from IP ::1
2018-04-14 00:19:46 [@DESKTOP-RA5UTA9]
[login] 3: glpi log in from IP ::1
2018-04-14 00:22:40 [@DESKTOP-RA5UTA9]
[login] 3: ankush log in from IP ::1
2018-04-14 00:22:59 [@DESKTOP-RA5UTA9]
[login] 3: glpi log in from IP ::1
2018-04-14 00:27:23 [@DESKTOP-RA5UTA9]
[login] 3: glpi log in from IP ::1
2018-04-14 00:35:32 [@DESKTOP-RA5UTA9]
[login] 3: glpi log in from IP ::1
2018-04-14 00:36:02 [@DESKTOP-RA5UTA9]
[login] 3: hotliner log in from IP ::1
2018-04-14 00:36:27 [@DESKTOP-RA5UTA9]
[login] 3: ankush log in from IP ::1
2018-04-14 02:00:57 [@DESKTOP-RA5UTA9]
[login] 3: ankush log in from IP ::1
2018-04-14 02:01:09 [@DESKTOP-RA5UTA9]
[login] 3: glpi log in from IP ::1
2018-04-14 02:47:11 [@DESKTOP-RA5UTA9]
[login] 3: Failed login for ankush from IP ::1
2018-04-14 02:47:18 [@DESKTOP-RA5UTA9]
[login] 3: ankush log in from IP ::1
2018-04-16 18:58:06 [@DESKTOP-RA5UTA9]
[login] 3: ankush log in from IP ::1
2018-04-16 19:02:26 [@DESKTOP-RA5UTA9]
[login] 3: glpi log in from IP ::1
2018-04-16 21:54:34 [@DESKTOP-RA5UTA9]
[login] 3: ankush log in from IP ::1
2018-04-16 23:59:26 [@DESKTOP-RA5UTA9]
[login] 3: glpi log in from IP ::1
2018-04-17 00:13:34 [@DESKTOP-RA5UTA9]
[login] 3: ankush log in from IP ::1
2018-04-17 02:02:46 [@DESKTOP-RA5UTA9]
[login] 3: glpi log in from IP ::1
2018-04-17 02:35:54 [@DESKTOP-RA5UTA9]
[login] 3: ankush log in from IP ::1
2018-04-18 20:53:37 [@DESKTOP-RA5UTA9]
[login] 3: ankush log in from IP ::1
2018-04-18 20:53:37 [@DESKTOP-RA5UTA9]
[login] 3: ankush log in from IP ::1
2018-04-18 23:39:02 [@DESKTOP-RA5UTA9]
[login] 3: glpi log in from IP ::1
2018-04-19 00:00:09 [@DESKTOP-RA5UTA9]
[login] 3: ankush log in from IP ::1
2018-04-19 00:00:47 [@DESKTOP-RA5UTA9]
[login] 3: glpi log in from IP ::1
2018-04-19 00:01:22 [@DESKTOP-RA5UTA9]
[login] 3: ankush log in from IP ::1
2018-04-19 00:02:00 [@DESKTOP-RA5UTA9]
[login] 3: glpi log in from IP ::1
2018-04-19 02:35:07 [@DESKTOP-RA5UTA9]
[login] 3: ankush log in from IP ::1
2018-04-20 20:19:42 [@DESKTOP-RA5UTA9]
[login] 3: ankush log in from IP ::1
2018-04-21 00:40:31 [@DESKTOP-RA5UTA9]
[login] 3: glpi log in from IP ::1
2018-04-21 02:24:31 [@DESKTOP-RA5UTA9]
[login] 3: ankush log in from IP ::1
2018-04-23 16:41:59 [@DESKTOP-RA5UTA9]
[login] 3: ankush log in from IP ::1
2018-04-23 17:25:21 [@DESKTOP-RA5UTA9]
[login] 3: glpi log in from IP ::1
2018-04-23 17:29:46 [@DESKTOP-RA5UTA9]
[login] 3: ankush log in from IP ::1
2018-04-23 18:24:20 [@DESKTOP-RA5UTA9]
[login] 3: homeshwar log in from IP ::1
2018-04-23 18:24:52 [@DESKTOP-RA5UTA9]
[login] 3: glpi log in from IP ::1
2018-04-23 18:26:16 [@DESKTOP-RA5UTA9]
[login] 3: hotliner log in from IP ::1
2018-04-23 18:26:58 [@DESKTOP-RA5UTA9]
[login] 3: glpi log in from IP ::1
2018-04-23 18:27:16 [@DESKTOP-RA5UTA9]
[login] 3: tech log in from IP ::1
2018-04-23 18:31:27 [@DESKTOP-RA5UTA9]
[login] 3: glpi log in from IP ::1
2018-04-23 18:32:15 [@DESKTOP-RA5UTA9]
[login] 3: ankush log in from IP ::1
2018-04-23 18:33:03 [@DESKTOP-RA5UTA9]
[login] 3: glpi log in from IP ::1
2018-04-23 18:33:41 [@DESKTOP-RA5UTA9]
[login] 3: ankush log in from IP ::1
2018-04-23 18:34:52 [@DESKTOP-RA5UTA9]
[login] 3: glpi log in from IP ::1
2018-04-23 18:36:36 [@DESKTOP-RA5UTA9]
[login] 3: ankush log in from IP ::1
2018-04-23 18:38:32 [@DESKTOP-RA5UTA9]
[login] 3: glpi log in from IP ::1
2018-04-23 18:39:19 [@DESKTOP-RA5UTA9]
[login] 3: ankush log in from IP ::1
2018-04-23 18:42:35 [@DESKTOP-RA5UTA9]
[login] 3: glpi log in from IP ::1
2018-04-23 18:47:14 [@DESKTOP-RA5UTA9]
[login] 3: tech log in from IP ::1
2018-04-23 18:47:37 [@DESKTOP-RA5UTA9]
[login] 3: glpi log in from IP ::1
2018-04-23 18:51:37 [@DESKTOP-RA5UTA9]
[login] 3: tech log in from IP ::1
2018-04-23 18:52:02 [@DESKTOP-RA5UTA9]
[login] 3: glpi log in from IP ::1
2018-04-23 18:53:59 [@DESKTOP-RA5UTA9]
[login] 3: tech log in from IP ::1
2018-04-23 18:54:16 [@DESKTOP-RA5UTA9]
[login] 3: glpi log in from IP ::1
2018-04-23 18:56:44 [@DESKTOP-RA5UTA9]
[login] 3: tech log in from IP ::1
2018-04-23 18:57:11 [@DESKTOP-RA5UTA9]
[login] 3: glpi log in from IP ::1
2018-04-23 18:59:00 [@DESKTOP-RA5UTA9]
[login] 3: tech log in from IP ::1
2018-04-23 18:59:43 [@DESKTOP-RA5UTA9]
[login] 3: glpi log in from IP ::1
2018-04-23 19:05:17 [@DESKTOP-RA5UTA9]
[login] 3: ankush log in from IP ::1
2018-04-23 19:35:55 [@DESKTOP-RA5UTA9]
[login] 3: glpi log in from IP ::1
2018-04-24 00:33:34 [@DESKTOP-RA5UTA9]
[login] 3: glpi log in from IP ::1
2018-04-24 02:40:50 [@DESKTOP-RA5UTA9]
[login] 3: ankush log in from IP ::1
2018-04-24 19:00:41 [@DESKTOP-RA5UTA9]
[login] 3: ankush log in from IP ::1
2018-04-24 19:14:13 [@DESKTOP-RA5UTA9]
[login] 3: glpi log in from IP ::1
2018-04-24 20:33:49 [@DESKTOP-RA5UTA9]
[login] 3: xavier log in from IP ::1
2018-04-26 02:41:13 [@DESKTOP-RA5UTA9]
[login] 3: xavier log in from IP ::1
2018-04-26 02:49:30 [@DESKTOP-RA5UTA9]
[login] 3: xavier log in from IP ::1
2018-05-02 22:21:08 [@DESKTOP-RA5UTA9]
[login] 3: glpi log in from IP ::1
2018-05-02 23:58:42 [@DESKTOP-RA5UTA9]
[login] 3: ankush log in from IP ::1
2018-05-03 00:01:43 [@DESKTOP-RA5UTA9]
[login] 3: glpi log in from IP ::1
2018-05-03 00:09:13 [@DESKTOP-RA5UTA9]
[login] 3: ankush log in from IP ::1
2018-05-03 00:20:29 [@DESKTOP-RA5UTA9]
[login] 3: glpi log in from IP ::1
2018-05-03 01:52:08 [@DESKTOP-RA5UTA9]
[login] 3: ankush log in from IP ::1
2018-05-03 01:53:12 [@DESKTOP-RA5UTA9]
[login] 3: glpi log in from IP ::1
2018-05-03 03:32:23 [@DESKTOP-RA5UTA9]
[login] 3: ankush log in from IP ::1
2018-05-07 22:27:32 [@DESKTOP-RA5UTA9]
[login] 3: ankush log in from IP ::1
2018-05-07 23:22:51 [@DESKTOP-RA5UTA9]
[login] 3: glpi log in from IP ::1
2018-05-07 23:32:33 [@DESKTOP-RA5UTA9]
[login] 3: ankush log in from IP ::1
2018-05-07 23:39:26 [@DESKTOP-RA5UTA9]
[login] 3: Failed login for glpi from IP ::1
2018-05-07 23:39:34 [@DESKTOP-RA5UTA9]
[login] 3: glpi log in from IP ::1
2018-05-07 23:40:05 [@DESKTOP-RA5UTA9]
[login] 3: Failed login for ankush from IP ::1
2018-05-07 23:40:17 [@DESKTOP-RA5UTA9]
[login] 3: Failed login for ankush from IP ::1
2018-05-07 23:40:25 [@DESKTOP-RA5UTA9]
[login] 3: ankush log in from IP ::1
2018-05-07 23:58:02 [@DESKTOP-RA5UTA9]
[login] 3: Failed login for glpi from IP ::1
2018-05-07 23:58:10 [@DESKTOP-RA5UTA9]
[login] 3: glpi log in from IP ::1
2018-05-08 00:03:13 [@DESKTOP-RA5UTA9]
[login] 3: ankush log in from IP ::1
2018-05-08 00:03:50 [@DESKTOP-RA5UTA9]
[login] 3: glpi log in from IP ::1
2018-05-08 00:04:38 [@DESKTOP-RA5UTA9]
[login] 3: ankush log in from IP ::1
2018-05-08 21:06:23 [@DESKTOP-RA5UTA9]
[login] 3: ankush log in from IP ::1
2018-05-08 21:06:38 [@DESKTOP-RA5UTA9]
[login] 3: glpi log in from IP ::1
2018-05-09 10:00:22 [@DESKTOP-7BIHDPC]
[login] 3: glpi log in from IP ::1
2018-05-09 10:01:35 [@DESKTOP-7BIHDPC]
[login] 3: ankush log in from IP ::1
2018-05-09 10:14:32 [@DESKTOP-7BIHDPC]
[login] 3: glpi log in from IP ::1
2018-05-09 10:55:25 [@DESKTOP-7BIHDPC]
[login] 3: glpi log in from IP ::1
2018-05-10 07:53:47 [@DESKTOP-7BIHDPC]
[login] 3: glpi log in from IP ::1
2018-05-10 07:56:39 [@DESKTOP-7BIHDPC]
[login] 3: Failed login for ankush from IP ::1
2018-05-10 07:56:56 [@DESKTOP-7BIHDPC]
[login] 3: Failed login for ankush from IP ::1
2018-05-10 07:57:17 [@DESKTOP-7BIHDPC]
[login] 3: Failed login for ankush from IP ::1
2018-05-10 07:57:36 [@DESKTOP-7BIHDPC]
[login] 3: ankush log in from IP ::1
2018-05-10 08:29:31 [@DESKTOP-7BIHDPC]
[login] 3: glpi log in from IP ::1
2018-05-10 08:34:50 [@DESKTOP-7BIHDPC]
[login] 3: ankush log in from IP ::1
2018-05-11 13:06:04 [@DESKTOP-7BIHDPC]
[login] 3: ankush log in from IP ::1
2018-05-11 13:08:38 [@DESKTOP-7BIHDPC]
[login] 3: ankush log in from IP ::1
2018-05-14 09:49:06 [@DESKTOP-7BIHDPC]
[login] 3: ankush log in from IP ::1
2018-05-14 09:49:34 [@DESKTOP-7BIHDPC]
[login] 3: glpi log in from IP ::1
2018-05-14 09:52:10 [@DESKTOP-7BIHDPC]
[login] 3: ankush log in from IP ::1
2018-05-14 10:30:11 [@DESKTOP-7BIHDPC]
[login] 3: Failed login for glpi from IP ::1
2018-05-14 10:30:19 [@DESKTOP-7BIHDPC]
[login] 3: glpi log in from IP ::1
2018-05-14 10:32:48 [@DESKTOP-7BIHDPC]
[login] 3: glpi log in from IP ::1
2018-05-14 10:34:41 [@DESKTOP-7BIHDPC]
[login] 3: ankush log in from IP ::1
2018-05-14 11:13:41 [@DESKTOP-7BIHDPC]
[login] 3: glpi log in from IP ::1
2018-05-14 13:15:29 [@DESKTOP-7BIHDPC]
[login] 3: ankush log in from IP ::1
2018-05-21 15:13:47 [@DESKTOP-7BIHDPC]
[login] 3: glpi log in from IP ::1
2018-05-21 15:19:45 [@DESKTOP-7BIHDPC]
[login] 3: ankush log in from IP ::1
