2018-04-11 21:24:27 [2@DESKTOP-RA5UTA9]
An email to homeshwarpertaub@gmail.com was added to queue: [GLPI #0000004] New user in assignees request
2018-04-13 02:05:16 [7@DESKTOP-RA5UTA9]
An email to onefortheroad02@gmail.com was added to queue: [GLPI #0000005] New user in requesters server access
2018-04-13 02:05:16 [7@DESKTOP-RA5UTA9]
An email to onefortheroad02@gmail.com was added to queue: [GLPI #0000005] New user in assignees server access
2018-04-13 02:05:17 [7@DESKTOP-RA5UTA9]
An email to onefortheroad02@gmail.com was added to queue: [GLPI #0000005] New ticket server access
2018-04-13 02:10:23 [2@DESKTOP-RA5UTA9]
An email to onefortheroad02@gmail.com was added to queue: [GLPI #0000005] Deletion of a ticket server access
2018-04-13 02:12:05 [7@DESKTOP-RA5UTA9]
An email to onefortheroad02@gmail.com was added to queue: [GLPI #0000006] New user in requesters server access
2018-04-13 02:12:05 [7@DESKTOP-RA5UTA9]
An email to onefortheroad02@gmail.com was added to queue: [GLPI #0000006] New user in assignees server access
2018-04-13 02:12:06 [7@DESKTOP-RA5UTA9]
An email to onefortheroad02@gmail.com was added to queue: [GLPI #0000006] New ticket server access
2018-04-13 20:03:35 [8@DESKTOP-RA5UTA9]
An email to one@gmail.com was added to queue: [GLPI #0000007] New user in requesters reset password
2018-04-13 20:03:40 [8@DESKTOP-RA5UTA9]
An email to onefortheroad02@gmail.com was added to queue: [GLPI #0000007] New ticket reset password
2018-04-13 20:03:41 [8@DESKTOP-RA5UTA9]
An email to one@gmail.com was added to queue: [GLPI #0000007] New ticket reset password
2018-04-13 21:01:56 [2@DESKTOP-RA5UTA9]
An email to onefortheroad02@gmail.com was added to queue: [GLPI #0000008] New user in requesters tess
2018-04-13 21:01:59 [2@DESKTOP-RA5UTA9]
An email to one@gmail.com was added to queue: [GLPI #0000008] New user in assignees tess
2018-04-13 21:02:00 [2@DESKTOP-RA5UTA9]
An email to onefortheroad02@gmail.com was added to queue: [GLPI #0000008] New ticket tess
2018-04-13 21:11:32 [2@DESKTOP-RA5UTA9]
An email to one@gmail.com was added to queue: [GLPI #0000008] New user in assignees tess
2018-04-17 00:01:05 [2@DESKTOP-RA5UTA9]
An email to onefortheroad02@gmail.com was added to queue: [GLPI #0000009] New ticket new ticket
2018-04-23 18:30:28 [4@DESKTOP-RA5UTA9]
An email to onefortheroad02@gmail.com was added to queue: [GLPI #0000010] New ticket test tech
2018-05-03 00:08:45 [2@DESKTOP-RA5UTA9]
An email to onefortheroad02@gmail.com was added to queue: [GLPI #0000011] New ticket testing
2018-05-03 00:45:29 [2@DESKTOP-RA5UTA9]
An email to onefortheroad02@gmail.com was added to queue: [GLPI #0000012] New ticket asd
2018-05-03 00:46:23 [2@DESKTOP-RA5UTA9]
An email to onefortheroad02@gmail.com was added to queue: [GLPI #0000013] New ticket asd2
2018-05-03 00:56:56 [2@DESKTOP-RA5UTA9]
An email to onefortheroad02@gmail.com was added to queue: [GLPI #0000014] New ticket test societe
2018-05-03 01:05:36 [2@DESKTOP-RA5UTA9]
An email to onefortheroad02@gmail.com was added to queue: [GLPI #0000015] New ticket asd3
2018-05-03 01:06:35 [2@DESKTOP-RA5UTA9]
An email to onefortheroad02@gmail.com was added to queue: [GLPI #0000016] New ticket asd4
2018-05-03 01:07:45 [2@DESKTOP-RA5UTA9]
An email to onefortheroad02@gmail.com was added to queue: [GLPI #0000017] New ticket asd5
2018-05-03 01:08:35 [2@DESKTOP-RA5UTA9]
An email to onefortheroad02@gmail.com was added to queue: [GLPI #0000018] New ticket asd6
2018-05-03 01:11:27 [2@DESKTOP-RA5UTA9]
An email to onefortheroad02@gmail.com was added to queue: [GLPI #0000019] New ticket asd7
2018-05-03 01:14:41 [2@DESKTOP-RA5UTA9]
An email to onefortheroad02@gmail.com was added to queue: [GLPI #0000020] New ticket asd8
2018-05-03 01:17:03 [2@DESKTOP-RA5UTA9]
An email to onefortheroad02@gmail.com was added to queue: [GLPI #0000021] New ticket test societe 2
2018-05-03 01:22:49 [2@DESKTOP-RA5UTA9]
An email to onefortheroad02@gmail.com was added to queue: [GLPI #0000021] Deletion of a ticket test societe 2
2018-05-03 01:25:22 [2@DESKTOP-RA5UTA9]
An email to onefortheroad02@gmail.com was added to queue: [GLPI #0000020] Deletion of a ticket asd8
2018-05-03 01:25:47 [2@DESKTOP-RA5UTA9]
An email to onefortheroad02@gmail.com was added to queue: [GLPI #0000019] Deletion of a ticket asd7
2018-05-03 01:26:48 [2@DESKTOP-RA5UTA9]
An email to onefortheroad02@gmail.com was added to queue: [GLPI #0000022] New ticket test del
2018-05-03 01:28:09 [2@DESKTOP-RA5UTA9]
An email to onefortheroad02@gmail.com was added to queue: [GLPI #0000022] Deletion of a ticket test del
2018-05-03 01:28:52 [2@DESKTOP-RA5UTA9]
An email to onefortheroad02@gmail.com was added to queue: [GLPI #0000016] Deletion of a ticket asd4
2018-05-03 01:28:55 [2@DESKTOP-RA5UTA9]
An email to onefortheroad02@gmail.com was added to queue: [GLPI #0000017] Deletion of a ticket asd5
2018-05-03 01:28:57 [2@DESKTOP-RA5UTA9]
An email to onefortheroad02@gmail.com was added to queue: [GLPI #0000018] Deletion of a ticket asd6
2018-05-03 01:29:21 [2@DESKTOP-RA5UTA9]
An email to onefortheroad02@gmail.com was added to queue: [GLPI #0000023] New ticket societe 1
2018-05-03 01:55:17 [2@DESKTOP-RA5UTA9]
An email to onefortheroad02@gmail.com was added to queue: [GLPI #0000023] Deletion of a ticket societe 1
2018-05-03 02:00:45 [2@DESKTOP-RA5UTA9]
An email to onefortheroad02@gmail.com was added to queue: [GLPI #0000024] New ticket test
2018-05-03 02:01:12 [2@DESKTOP-RA5UTA9]
An email to onefortheroad02@gmail.com was added to queue: [GLPI #0000024] Deletion of a ticket test
2018-05-03 02:01:57 [2@DESKTOP-RA5UTA9]
An email to onefortheroad02@gmail.com was added to queue: [GLPI #0000025] New ticket tt
2018-05-03 02:02:13 [2@DESKTOP-RA5UTA9]
An email to onefortheroad02@gmail.com was added to queue: [GLPI #0000025] Deletion of a ticket tt
2018-05-03 02:03:41 [2@DESKTOP-RA5UTA9]
An email to onefortheroad02@gmail.com was added to queue: [GLPI #0000026] New ticket icd
2018-05-03 02:03:56 [2@DESKTOP-RA5UTA9]
An email to onefortheroad02@gmail.com was added to queue: [GLPI #0000026] Deletion of a ticket icd
2018-05-03 02:04:40 [2@DESKTOP-RA5UTA9]
An email to onefortheroad02@gmail.com was added to queue: [GLPI #0000015] Deletion of a ticket asd3
2018-05-03 02:05:26 [2@DESKTOP-RA5UTA9]
An email to onefortheroad02@gmail.com was added to queue: [GLPI #0000027] New ticket arm
2018-05-03 02:06:41 [2@DESKTOP-RA5UTA9]
An email to onefortheroad02@gmail.com was added to queue: [GLPI #0000010] Deletion of a ticket test tech
2018-05-03 02:07:28 [2@DESKTOP-RA5UTA9]
An email to onefortheroad02@gmail.com was added to queue: [GLPI #0000008] Deletion of a ticket tess
2018-05-03 02:19:02 [2@DESKTOP-RA5UTA9]
An email to onefortheroad02@gmail.com was added to queue: [GLPI #0000014] Deletion of a ticket test societe
2018-05-03 03:14:17 [2@DESKTOP-RA5UTA9]
An email to onefortheroad02@gmail.com was added to queue: [GLPI #0000026] Deletion of a ticket icd
2018-05-03 03:14:44 [2@DESKTOP-RA5UTA9]
An email to onefortheroad02@gmail.com was added to queue: [GLPI #0000024] Deletion of a ticket test
2018-05-03 03:17:42 [2@DESKTOP-RA5UTA9]
An email to onefortheroad02@gmail.com was added to queue: [GLPI #0000025] Deletion of a ticket tt
2018-05-07 23:59:29 [2@DESKTOP-RA5UTA9]
An email to onefortheroad02@gmail.com was added to queue: [GLPI #0000028] New ticket test glpi
2018-05-10 07:55:27 [2@DESKTOP-7BIHDPC]
An email to onefortheroad02@gmail.com was added to queue: [GLPI #0000029] New ticket ticket societe
2018-05-10 08:31:40 [2@DESKTOP-7BIHDPC]
An email to onefortheroad02@gmail.com was added to queue: [GLPI #0000030] New ticket ticket societe 2
2018-05-10 08:32:01 [2@DESKTOP-7BIHDPC]
An email to onefortheroad02@gmail.com was added to queue: [GLPI #0000030] Deletion of a ticket ticket societe 2
2018-05-10 08:32:12 [2@DESKTOP-7BIHDPC]
An email to onefortheroad02@gmail.com was added to queue: [GLPI #0000005] Deletion of a ticket server access
2018-05-10 08:32:15 [2@DESKTOP-7BIHDPC]
An email to onefortheroad02@gmail.com was added to queue: [GLPI #0000008] Deletion of a ticket tess
2018-05-10 08:32:19 [2@DESKTOP-7BIHDPC]
An email to onefortheroad02@gmail.com was added to queue: [GLPI #0000010] Deletion of a ticket test tech
2018-05-10 08:32:22 [2@DESKTOP-7BIHDPC]
An email to onefortheroad02@gmail.com was added to queue: [GLPI #0000014] Deletion of a ticket test societe
2018-05-10 08:32:24 [2@DESKTOP-7BIHDPC]
An email to onefortheroad02@gmail.com was added to queue: [GLPI #0000015] Deletion of a ticket asd3
2018-05-10 08:32:27 [2@DESKTOP-7BIHDPC]
An email to onefortheroad02@gmail.com was added to queue: [GLPI #0000016] Deletion of a ticket asd4
2018-05-10 08:32:29 [2@DESKTOP-7BIHDPC]
An email to onefortheroad02@gmail.com was added to queue: [GLPI #0000017] Deletion of a ticket asd5
2018-05-10 08:32:32 [2@DESKTOP-7BIHDPC]
An email to onefortheroad02@gmail.com was added to queue: [GLPI #0000018] Deletion of a ticket asd6
2018-05-10 08:32:34 [2@DESKTOP-7BIHDPC]
An email to onefortheroad02@gmail.com was added to queue: [GLPI #0000019] Deletion of a ticket asd7
2018-05-10 08:32:37 [2@DESKTOP-7BIHDPC]
An email to onefortheroad02@gmail.com was added to queue: [GLPI #0000020] Deletion of a ticket asd8
2018-05-10 08:32:40 [2@DESKTOP-7BIHDPC]
An email to onefortheroad02@gmail.com was added to queue: [GLPI #0000021] Deletion of a ticket test societe 2
2018-05-10 08:32:42 [2@DESKTOP-7BIHDPC]
An email to onefortheroad02@gmail.com was added to queue: [GLPI #0000022] Deletion of a ticket test del
2018-05-10 08:32:45 [2@DESKTOP-7BIHDPC]
An email to onefortheroad02@gmail.com was added to queue: [GLPI #0000023] Deletion of a ticket societe 1
2018-05-10 08:32:47 [2@DESKTOP-7BIHDPC]
An email to onefortheroad02@gmail.com was added to queue: [GLPI #0000030] Deletion of a ticket ticket societe 2
2018-05-10 08:33:24 [2@DESKTOP-7BIHDPC]
An email to onefortheroad02@gmail.com was added to queue: [GLPI #0000031] New ticket ticket societe 2
2018-05-10 08:33:42 [2@DESKTOP-7BIHDPC]
An email to onefortheroad02@gmail.com was added to queue: [GLPI #0000031] Deletion of a ticket ticket societe 2
2018-05-10 08:33:51 [2@DESKTOP-7BIHDPC]
An email to onefortheroad02@gmail.com was added to queue: [GLPI #0000031] Deletion of a ticket ticket societe 2
2018-05-10 08:34:30 [2@DESKTOP-7BIHDPC]
An email to onefortheroad02@gmail.com was added to queue: [GLPI #0000032] New ticket ticket societe 2
2018-05-14 10:30:36 [2@DESKTOP-7BIHDPC]
An email to onefortheroad02@gmail.com was added to queue: [GLPI #0000009] Deletion of a ticket new ticket
2018-05-14 10:30:42 [2@DESKTOP-7BIHDPC]
An email to onefortheroad02@gmail.com was added to queue: [GLPI #0000013] Deletion of a ticket asd2
2018-05-14 10:30:47 [2@DESKTOP-7BIHDPC]
An email to onefortheroad02@gmail.com was added to queue: [GLPI #0000027] Deletion of a ticket arm
2018-05-14 10:30:50 [2@DESKTOP-7BIHDPC]
An email to onefortheroad02@gmail.com was added to queue: [GLPI #0000028] Deletion of a ticket test glpi
2018-05-14 10:31:02 [2@DESKTOP-7BIHDPC]
An email to onefortheroad02@gmail.com was added to queue: [GLPI #0000009] Deletion of a ticket new ticket
2018-05-14 10:31:05 [2@DESKTOP-7BIHDPC]
An email to onefortheroad02@gmail.com was added to queue: [GLPI #0000013] Deletion of a ticket asd2
2018-05-14 10:31:09 [2@DESKTOP-7BIHDPC]
An email to onefortheroad02@gmail.com was added to queue: [GLPI #0000027] Deletion of a ticket arm
2018-05-14 10:31:12 [2@DESKTOP-7BIHDPC]
An email to onefortheroad02@gmail.com was added to queue: [GLPI #0000028] Deletion of a ticket test glpi
2018-05-14 10:34:23 [2@DESKTOP-7BIHDPC]
An email to onefortheroad02@gmail.com was added to queue: [GLPI #0000033] New ticket clean ticket
2018-05-14 13:14:55 [2@DESKTOP-7BIHDPC]
An email to onefortheroad02@gmail.com was added to queue: [GLPI #0000034] New ticket user ticket
