2018-04-11 21:24:35 [2@DESKTOP-RA5UTA9]
Warning: an email was undeliverable to homeshwarpertaub@gmail.com with 5 retries remaining. Message: [GLPI #0000004] New user in assignees request, Error: SMTP connect() failed. https://github.com/PHPMailer/PHPMailer/wiki/Troubleshooting
2018-04-13 02:05:19 [7@DESKTOP-RA5UTA9]
Warning: an email was undeliverable to onefortheroad02@gmail.com with 5 retries remaining. Message: [GLPI #0000005] New ticket server access, Error: SMTP connect() failed. https://github.com/PHPMailer/PHPMailer/wiki/Troubleshooting
2018-04-13 02:10:24 [2@DESKTOP-RA5UTA9]
Warning: an email was undeliverable to onefortheroad02@gmail.com with 5 retries remaining. Message: [GLPI #0000005] Deletion of a ticket server access, Error: SMTP connect() failed. https://github.com/PHPMailer/PHPMailer/wiki/Troubleshooting
2018-04-13 02:12:07 [7@DESKTOP-RA5UTA9]
Warning: an email was undeliverable to onefortheroad02@gmail.com with 5 retries remaining. Message: [GLPI #0000006] New ticket server access, Error: SMTP connect() failed. https://github.com/PHPMailer/PHPMailer/wiki/Troubleshooting
2018-04-13 20:03:39 [8@DESKTOP-RA5UTA9]
Warning: an email was undeliverable to one@gmail.com with 5 retries remaining. Message: [GLPI #0000007] New user in requesters reset password, Error: SMTP connect() failed. https://github.com/PHPMailer/PHPMailer/wiki/Troubleshooting
2018-04-13 20:03:43 [8@DESKTOP-RA5UTA9]
Warning: an email was undeliverable to one@gmail.com with 5 retries remaining. Message: [GLPI #0000007] New ticket reset password, Error: SMTP connect() failed. https://github.com/PHPMailer/PHPMailer/wiki/Troubleshooting
2018-04-13 21:01:59 [2@DESKTOP-RA5UTA9]
Warning: an email was undeliverable to onefortheroad02@gmail.com with 5 retries remaining. Message: [GLPI #0000008] New user in requesters tess, Error: SMTP connect() failed. https://github.com/PHPMailer/PHPMailer/wiki/Troubleshooting
2018-04-13 21:02:02 [2@DESKTOP-RA5UTA9]
Warning: an email was undeliverable to onefortheroad02@gmail.com with 5 retries remaining. Message: [GLPI #0000008] New ticket tess, Error: SMTP connect() failed. https://github.com/PHPMailer/PHPMailer/wiki/Troubleshooting
2018-04-13 21:11:35 [2@DESKTOP-RA5UTA9]
Warning: an email was undeliverable to onefortheroad02@gmail.com with 4 retries remaining. Message: [GLPI #0000008] New ticket tess, Error: SMTP connect() failed. https://github.com/PHPMailer/PHPMailer/wiki/Troubleshooting
2018-04-13 21:11:49 [2@DESKTOP-RA5UTA9]
Warning: an email was undeliverable to one@gmail.com with 5 retries remaining. Message: [GLPI #0000008] New user in assignees tess, Error: SMTP connect() failed. https://github.com/PHPMailer/PHPMailer/wiki/Troubleshooting
2018-04-17 00:01:10 [2@DESKTOP-RA5UTA9]
Warning: an email was undeliverable to onefortheroad02@gmail.com with 5 retries remaining. Message: [GLPI #0000009] New ticket new ticket, Error: SMTP connect() failed. https://github.com/PHPMailer/PHPMailer/wiki/Troubleshooting
2018-04-23 18:30:32 [4@DESKTOP-RA5UTA9]
Warning: an email was undeliverable to onefortheroad02@gmail.com with 5 retries remaining. Message: [GLPI #0000010] New ticket test tech, Error: SMTP connect() failed. https://github.com/PHPMailer/PHPMailer/wiki/Troubleshooting
2018-04-24 20:17:39 [2@DESKTOP-RA5UTA9]
Warning: an email was undeliverable to onefortheroad02@gmail.com with 4 retries remaining. Message: [GLPI #0000010] New ticket test tech, Error: SMTP connect() failed. https://github.com/PHPMailer/PHPMailer/wiki/Troubleshooting
2018-05-03 00:08:50 [2@DESKTOP-RA5UTA9]
Warning: an email was undeliverable to onefortheroad02@gmail.com with 5 retries remaining. Message: [GLPI #0000011] New ticket testing, Error: SMTP connect() failed. https://github.com/PHPMailer/PHPMailer/wiki/Troubleshooting
2018-05-03 00:45:33 [2@DESKTOP-RA5UTA9]
Warning: an email was undeliverable to onefortheroad02@gmail.com with 5 retries remaining. Message: [GLPI #0000012] New ticket asd, Error: SMTP connect() failed. https://github.com/PHPMailer/PHPMailer/wiki/Troubleshooting
2018-05-03 00:46:25 [2@DESKTOP-RA5UTA9]
Warning: an email was undeliverable to onefortheroad02@gmail.com with 5 retries remaining. Message: [GLPI #0000013] New ticket asd2, Error: SMTP connect() failed. https://github.com/PHPMailer/PHPMailer/wiki/Troubleshooting
2018-05-03 00:56:58 [2@DESKTOP-RA5UTA9]
Warning: an email was undeliverable to onefortheroad02@gmail.com with 5 retries remaining. Message: [GLPI #0000014] New ticket test societe, Error: SMTP connect() failed. https://github.com/PHPMailer/PHPMailer/wiki/Troubleshooting
2018-05-03 01:05:38 [2@DESKTOP-RA5UTA9]
Warning: an email was undeliverable to onefortheroad02@gmail.com with 5 retries remaining. Message: [GLPI #0000015] New ticket asd3, Error: SMTP connect() failed. https://github.com/PHPMailer/PHPMailer/wiki/Troubleshooting
2018-05-03 01:06:37 [2@DESKTOP-RA5UTA9]
Warning: an email was undeliverable to onefortheroad02@gmail.com with 5 retries remaining. Message: [GLPI #0000016] New ticket asd4, Error: SMTP connect() failed. https://github.com/PHPMailer/PHPMailer/wiki/Troubleshooting
2018-05-03 01:07:48 [2@DESKTOP-RA5UTA9]
Warning: an email was undeliverable to onefortheroad02@gmail.com with 5 retries remaining. Message: [GLPI #0000017] New ticket asd5, Error: SMTP connect() failed. https://github.com/PHPMailer/PHPMailer/wiki/Troubleshooting
2018-05-03 01:08:36 [2@DESKTOP-RA5UTA9]
Warning: an email was undeliverable to onefortheroad02@gmail.com with 5 retries remaining. Message: [GLPI #0000018] New ticket asd6, Error: SMTP connect() failed. https://github.com/PHPMailer/PHPMailer/wiki/Troubleshooting
2018-05-03 01:11:29 [2@DESKTOP-RA5UTA9]
Warning: an email was undeliverable to onefortheroad02@gmail.com with 5 retries remaining. Message: [GLPI #0000019] New ticket asd7, Error: SMTP connect() failed. https://github.com/PHPMailer/PHPMailer/wiki/Troubleshooting
2018-05-03 01:14:44 [2@DESKTOP-RA5UTA9]
Warning: an email was undeliverable to onefortheroad02@gmail.com with 5 retries remaining. Message: [GLPI #0000020] New ticket asd8, Error: SMTP connect() failed. https://github.com/PHPMailer/PHPMailer/wiki/Troubleshooting
2018-05-03 01:17:05 [2@DESKTOP-RA5UTA9]
Warning: an email was undeliverable to onefortheroad02@gmail.com with 5 retries remaining. Message: [GLPI #0000021] New ticket test societe 2, Error: SMTP connect() failed. https://github.com/PHPMailer/PHPMailer/wiki/Troubleshooting
2018-05-03 01:22:51 [2@DESKTOP-RA5UTA9]
Warning: an email was undeliverable to onefortheroad02@gmail.com with 5 retries remaining. Message: [GLPI #0000021] Deletion of a ticket test societe 2, Error: SMTP connect() failed. https://github.com/PHPMailer/PHPMailer/wiki/Troubleshooting
2018-05-03 01:25:49 [2@DESKTOP-RA5UTA9]
Warning: an email was undeliverable to onefortheroad02@gmail.com with 5 retries remaining. Message: [GLPI #0000019] Deletion of a ticket asd7, Error: SMTP connect() failed. https://github.com/PHPMailer/PHPMailer/wiki/Troubleshooting
2018-05-03 01:26:50 [2@DESKTOP-RA5UTA9]
Warning: an email was undeliverable to onefortheroad02@gmail.com with 5 retries remaining. Message: [GLPI #0000022] New ticket test del, Error: SMTP connect() failed. https://github.com/PHPMailer/PHPMailer/wiki/Troubleshooting
2018-05-03 01:28:54 [2@DESKTOP-RA5UTA9]
Warning: an email was undeliverable to onefortheroad02@gmail.com with 5 retries remaining. Message: [GLPI #0000016] Deletion of a ticket asd4, Error: SMTP connect() failed. https://github.com/PHPMailer/PHPMailer/wiki/Troubleshooting
2018-05-03 01:28:56 [2@DESKTOP-RA5UTA9]
Warning: an email was undeliverable to onefortheroad02@gmail.com with 5 retries remaining. Message: [GLPI #0000017] Deletion of a ticket asd5, Error: SMTP connect() failed. https://github.com/PHPMailer/PHPMailer/wiki/Troubleshooting
2018-05-03 01:28:59 [2@DESKTOP-RA5UTA9]
Warning: an email was undeliverable to onefortheroad02@gmail.com with 5 retries remaining. Message: [GLPI #0000018] Deletion of a ticket asd6, Error: SMTP connect() failed. https://github.com/PHPMailer/PHPMailer/wiki/Troubleshooting
2018-05-03 01:29:23 [2@DESKTOP-RA5UTA9]
Warning: an email was undeliverable to onefortheroad02@gmail.com with 5 retries remaining. Message: [GLPI #0000023] New ticket societe 1, Error: SMTP connect() failed. https://github.com/PHPMailer/PHPMailer/wiki/Troubleshooting
2018-05-03 01:50:29 [2@DESKTOP-RA5UTA9]
Warning: an email was undeliverable to onefortheroad02@gmail.com with 4 retries remaining. Message: [GLPI #0000023] New ticket societe 1, Error: SMTP connect() failed. https://github.com/PHPMailer/PHPMailer/wiki/Troubleshooting
2018-05-03 01:55:19 [2@DESKTOP-RA5UTA9]
Warning: an email was undeliverable to onefortheroad02@gmail.com with 5 retries remaining. Message: [GLPI #0000023] Deletion of a ticket societe 1, Error: SMTP connect() failed. https://github.com/PHPMailer/PHPMailer/wiki/Troubleshooting
2018-05-03 02:00:48 [2@DESKTOP-RA5UTA9]
Warning: an email was undeliverable to onefortheroad02@gmail.com with 5 retries remaining. Message: [GLPI #0000024] New ticket test, Error: SMTP connect() failed. https://github.com/PHPMailer/PHPMailer/wiki/Troubleshooting
2018-05-03 02:01:14 [2@DESKTOP-RA5UTA9]
Warning: an email was undeliverable to onefortheroad02@gmail.com with 5 retries remaining. Message: [GLPI #0000024] Deletion of a ticket test, Error: SMTP connect() failed. https://github.com/PHPMailer/PHPMailer/wiki/Troubleshooting
2018-05-03 02:02:00 [2@DESKTOP-RA5UTA9]
Warning: an email was undeliverable to onefortheroad02@gmail.com with 5 retries remaining. Message: [GLPI #0000025] New ticket tt, Error: SMTP connect() failed. https://github.com/PHPMailer/PHPMailer/wiki/Troubleshooting
2018-05-03 02:03:43 [2@DESKTOP-RA5UTA9]
Warning: an email was undeliverable to onefortheroad02@gmail.com with 5 retries remaining. Message: [GLPI #0000026] New ticket icd, Error: SMTP connect() failed. https://github.com/PHPMailer/PHPMailer/wiki/Troubleshooting
2018-05-03 02:03:57 [2@DESKTOP-RA5UTA9]
Warning: an email was undeliverable to onefortheroad02@gmail.com with 5 retries remaining. Message: [GLPI #0000026] Deletion of a ticket icd, Error: SMTP connect() failed. https://github.com/PHPMailer/PHPMailer/wiki/Troubleshooting
2018-05-03 02:04:41 [2@DESKTOP-RA5UTA9]
Warning: an email was undeliverable to onefortheroad02@gmail.com with 5 retries remaining. Message: [GLPI #0000015] Deletion of a ticket asd3, Error: SMTP connect() failed. https://github.com/PHPMailer/PHPMailer/wiki/Troubleshooting
2018-05-03 02:05:28 [2@DESKTOP-RA5UTA9]
Warning: an email was undeliverable to onefortheroad02@gmail.com with 5 retries remaining. Message: [GLPI #0000027] New ticket arm, Error: SMTP connect() failed. https://github.com/PHPMailer/PHPMailer/wiki/Troubleshooting
2018-05-03 02:06:43 [2@DESKTOP-RA5UTA9]
Warning: an email was undeliverable to onefortheroad02@gmail.com with 5 retries remaining. Message: [GLPI #0000010] Deletion of a ticket test tech, Error: SMTP connect() failed. https://github.com/PHPMailer/PHPMailer/wiki/Troubleshooting
2018-05-03 02:07:30 [2@DESKTOP-RA5UTA9]
Warning: an email was undeliverable to one@gmail.com with 4 retries remaining. Message: [GLPI #0000008] New user in assignees tess, Error: SMTP connect() failed. https://github.com/PHPMailer/PHPMailer/wiki/Troubleshooting
2018-05-03 02:19:04 [2@DESKTOP-RA5UTA9]
Warning: an email was undeliverable to onefortheroad02@gmail.com with 5 retries remaining. Message: [GLPI #0000014] Deletion of a ticket test societe, Error: SMTP connect() failed. https://github.com/PHPMailer/PHPMailer/wiki/Troubleshooting
2018-05-03 03:14:24 [2@DESKTOP-RA5UTA9]
Warning: an email was undeliverable to onefortheroad02@gmail.com with 5 retries remaining. Message: [GLPI #0000026] Deletion of a ticket icd, Error: SMTP connect() failed. https://github.com/PHPMailer/PHPMailer/wiki/Troubleshooting
2018-05-03 03:17:44 [2@DESKTOP-RA5UTA9]
Warning: an email was undeliverable to onefortheroad02@gmail.com with 5 retries remaining. Message: [GLPI #0000025] Deletion of a ticket tt, Error: SMTP connect() failed. https://github.com/PHPMailer/PHPMailer/wiki/Troubleshooting
2018-05-07 23:39:54 [2@DESKTOP-RA5UTA9]
Warning: an email was undeliverable to onefortheroad02@gmail.com with 4 retries remaining. Message: [GLPI #0000011] New ticket testing, Error: SMTP connect() failed. https://github.com/PHPMailer/PHPMailer/wiki/Troubleshooting
2018-05-07 23:59:31 [2@DESKTOP-RA5UTA9]
Warning: an email was undeliverable to onefortheroad02@gmail.com with 5 retries remaining. Message: [GLPI #0000028] New ticket test glpi, Error: SMTP connect() failed. https://github.com/PHPMailer/PHPMailer/wiki/Troubleshooting
2018-05-10 07:55:33 [2@DESKTOP-7BIHDPC]
Warning: an email was undeliverable to onefortheroad02@gmail.com with 5 retries remaining. Message: [GLPI #0000029] New ticket ticket societe, Error: SMTP connect() failed. https://github.com/PHPMailer/PHPMailer/wiki/Troubleshooting
2018-05-10 08:15:28 [9@DESKTOP-7BIHDPC]
Warning: an email was undeliverable to onefortheroad02@gmail.com with 4 retries remaining. Message: [GLPI #0000029] New ticket ticket societe, Error: SMTP connect() failed. https://github.com/PHPMailer/PHPMailer/wiki/Troubleshooting
2018-05-10 08:29:57 [2@DESKTOP-7BIHDPC]
Warning: an email was undeliverable to onefortheroad02@gmail.com with 4 retries remaining. Message: [GLPI #0000028] New ticket test glpi, Error: SMTP connect() failed. https://github.com/PHPMailer/PHPMailer/wiki/Troubleshooting
2018-05-10 08:31:42 [2@DESKTOP-7BIHDPC]
Warning: an email was undeliverable to onefortheroad02@gmail.com with 5 retries remaining. Message: [GLPI #0000030] New ticket ticket societe 2, Error: SMTP connect() failed. https://github.com/PHPMailer/PHPMailer/wiki/Troubleshooting
2018-05-10 08:32:03 [2@DESKTOP-7BIHDPC]
Warning: an email was undeliverable to onefortheroad02@gmail.com with 5 retries remaining. Message: [GLPI #0000030] Deletion of a ticket ticket societe 2, Error: SMTP connect() failed. https://github.com/PHPMailer/PHPMailer/wiki/Troubleshooting
2018-05-10 08:32:14 [2@DESKTOP-7BIHDPC]
Warning: an email was undeliverable to onefortheroad02@gmail.com with 5 retries remaining. Message: [GLPI #0000005] Deletion of a ticket server access, Error: SMTP connect() failed. https://github.com/PHPMailer/PHPMailer/wiki/Troubleshooting
2018-05-10 08:32:17 [2@DESKTOP-7BIHDPC]
Warning: an email was undeliverable to one@gmail.com with 3 retries remaining. Message: [GLPI #0000008] New user in assignees tess, Error: SMTP connect() failed. https://github.com/PHPMailer/PHPMailer/wiki/Troubleshooting
2018-05-10 08:32:19 [2@DESKTOP-7BIHDPC]
Warning: an email was undeliverable to onefortheroad02@gmail.com with 5 retries remaining. Message: [GLPI #0000008] Deletion of a ticket tess, Error: SMTP connect() failed. https://github.com/PHPMailer/PHPMailer/wiki/Troubleshooting
2018-05-10 08:32:21 [2@DESKTOP-7BIHDPC]
Warning: an email was undeliverable to onefortheroad02@gmail.com with 5 retries remaining. Message: [GLPI #0000010] Deletion of a ticket test tech, Error: SMTP connect() failed. https://github.com/PHPMailer/PHPMailer/wiki/Troubleshooting
2018-05-10 08:32:24 [2@DESKTOP-7BIHDPC]
Warning: an email was undeliverable to onefortheroad02@gmail.com with 5 retries remaining. Message: [GLPI #0000014] Deletion of a ticket test societe, Error: SMTP connect() failed. https://github.com/PHPMailer/PHPMailer/wiki/Troubleshooting
2018-05-10 08:32:26 [2@DESKTOP-7BIHDPC]
Warning: an email was undeliverable to onefortheroad02@gmail.com with 5 retries remaining. Message: [GLPI #0000015] Deletion of a ticket asd3, Error: SMTP connect() failed. https://github.com/PHPMailer/PHPMailer/wiki/Troubleshooting
2018-05-10 08:32:29 [2@DESKTOP-7BIHDPC]
Warning: an email was undeliverable to onefortheroad02@gmail.com with 5 retries remaining. Message: [GLPI #0000016] Deletion of a ticket asd4, Error: SMTP connect() failed. https://github.com/PHPMailer/PHPMailer/wiki/Troubleshooting
2018-05-10 08:32:31 [2@DESKTOP-7BIHDPC]
Warning: an email was undeliverable to onefortheroad02@gmail.com with 5 retries remaining. Message: [GLPI #0000017] Deletion of a ticket asd5, Error: SMTP connect() failed. https://github.com/PHPMailer/PHPMailer/wiki/Troubleshooting
2018-05-10 08:32:34 [2@DESKTOP-7BIHDPC]
Warning: an email was undeliverable to onefortheroad02@gmail.com with 5 retries remaining. Message: [GLPI #0000018] Deletion of a ticket asd6, Error: SMTP connect() failed. https://github.com/PHPMailer/PHPMailer/wiki/Troubleshooting
2018-05-10 08:32:36 [2@DESKTOP-7BIHDPC]
Warning: an email was undeliverable to onefortheroad02@gmail.com with 5 retries remaining. Message: [GLPI #0000019] Deletion of a ticket asd7, Error: SMTP connect() failed. https://github.com/PHPMailer/PHPMailer/wiki/Troubleshooting
2018-05-10 08:32:39 [2@DESKTOP-7BIHDPC]
Warning: an email was undeliverable to onefortheroad02@gmail.com with 5 retries remaining. Message: [GLPI #0000020] Deletion of a ticket asd8, Error: SMTP connect() failed. https://github.com/PHPMailer/PHPMailer/wiki/Troubleshooting
2018-05-10 08:32:42 [2@DESKTOP-7BIHDPC]
Warning: an email was undeliverable to onefortheroad02@gmail.com with 5 retries remaining. Message: [GLPI #0000021] Deletion of a ticket test societe 2, Error: SMTP connect() failed. https://github.com/PHPMailer/PHPMailer/wiki/Troubleshooting
2018-05-10 08:32:45 [2@DESKTOP-7BIHDPC]
Warning: an email was undeliverable to onefortheroad02@gmail.com with 5 retries remaining. Message: [GLPI #0000022] Deletion of a ticket test del, Error: SMTP connect() failed. https://github.com/PHPMailer/PHPMailer/wiki/Troubleshooting
2018-05-10 08:32:47 [2@DESKTOP-7BIHDPC]
Warning: an email was undeliverable to onefortheroad02@gmail.com with 5 retries remaining. Message: [GLPI #0000023] Deletion of a ticket societe 1, Error: SMTP connect() failed. https://github.com/PHPMailer/PHPMailer/wiki/Troubleshooting
2018-05-10 08:32:49 [2@DESKTOP-7BIHDPC]
Warning: an email was undeliverable to onefortheroad02@gmail.com with 5 retries remaining. Message: [GLPI #0000030] Deletion of a ticket ticket societe 2, Error: SMTP connect() failed. https://github.com/PHPMailer/PHPMailer/wiki/Troubleshooting
2018-05-10 08:33:26 [2@DESKTOP-7BIHDPC]
Warning: an email was undeliverable to onefortheroad02@gmail.com with 5 retries remaining. Message: [GLPI #0000031] New ticket ticket societe 2, Error: SMTP connect() failed. https://github.com/PHPMailer/PHPMailer/wiki/Troubleshooting
2018-05-10 08:33:44 [2@DESKTOP-7BIHDPC]
Warning: an email was undeliverable to onefortheroad02@gmail.com with 5 retries remaining. Message: [GLPI #0000031] Deletion of a ticket ticket societe 2, Error: SMTP connect() failed. https://github.com/PHPMailer/PHPMailer/wiki/Troubleshooting
2018-05-10 08:33:54 [2@DESKTOP-7BIHDPC]
Warning: an email was undeliverable to onefortheroad02@gmail.com with 5 retries remaining. Message: [GLPI #0000031] Deletion of a ticket ticket societe 2, Error: SMTP connect() failed. https://github.com/PHPMailer/PHPMailer/wiki/Troubleshooting
2018-05-10 08:34:32 [2@DESKTOP-7BIHDPC]
Warning: an email was undeliverable to onefortheroad02@gmail.com with 5 retries remaining. Message: [GLPI #0000032] New ticket ticket societe 2, Error: SMTP connect() failed. https://github.com/PHPMailer/PHPMailer/wiki/Troubleshooting
2018-05-14 10:30:42 [2@DESKTOP-7BIHDPC]
Warning: an email was undeliverable to onefortheroad02@gmail.com with 5 retries remaining. Message: [GLPI #0000009] Deletion of a ticket new ticket, Error: SMTP connect() failed. https://github.com/PHPMailer/PHPMailer/wiki/Troubleshooting
2018-05-14 10:30:46 [2@DESKTOP-7BIHDPC]
Warning: an email was undeliverable to onefortheroad02@gmail.com with 5 retries remaining. Message: [GLPI #0000013] Deletion of a ticket asd2, Error: SMTP connect() failed. https://github.com/PHPMailer/PHPMailer/wiki/Troubleshooting
2018-05-14 10:30:50 [2@DESKTOP-7BIHDPC]
Warning: an email was undeliverable to onefortheroad02@gmail.com with 5 retries remaining. Message: [GLPI #0000027] Deletion of a ticket arm, Error: SMTP connect() failed. https://github.com/PHPMailer/PHPMailer/wiki/Troubleshooting
2018-05-14 10:30:53 [2@DESKTOP-7BIHDPC]
Warning: an email was undeliverable to onefortheroad02@gmail.com with 5 retries remaining. Message: [GLPI #0000028] Deletion of a ticket test glpi, Error: SMTP connect() failed. https://github.com/PHPMailer/PHPMailer/wiki/Troubleshooting
2018-05-14 10:31:05 [2@DESKTOP-7BIHDPC]
Warning: an email was undeliverable to onefortheroad02@gmail.com with 5 retries remaining. Message: [GLPI #0000009] Deletion of a ticket new ticket, Error: SMTP connect() failed. https://github.com/PHPMailer/PHPMailer/wiki/Troubleshooting
2018-05-14 10:31:08 [2@DESKTOP-7BIHDPC]
Warning: an email was undeliverable to onefortheroad02@gmail.com with 5 retries remaining. Message: [GLPI #0000013] Deletion of a ticket asd2, Error: SMTP connect() failed. https://github.com/PHPMailer/PHPMailer/wiki/Troubleshooting
2018-05-14 10:31:12 [2@DESKTOP-7BIHDPC]
Warning: an email was undeliverable to onefortheroad02@gmail.com with 5 retries remaining. Message: [GLPI #0000027] Deletion of a ticket arm, Error: SMTP connect() failed. https://github.com/PHPMailer/PHPMailer/wiki/Troubleshooting
2018-05-14 10:31:14 [2@DESKTOP-7BIHDPC]
Warning: an email was undeliverable to onefortheroad02@gmail.com with 5 retries remaining. Message: [GLPI #0000028] Deletion of a ticket test glpi, Error: SMTP connect() failed. https://github.com/PHPMailer/PHPMailer/wiki/Troubleshooting
2018-05-14 10:34:30 [2@DESKTOP-7BIHDPC]
Warning: an email was undeliverable to onefortheroad02@gmail.com with 5 retries remaining. Message: [GLPI #0000033] New ticket clean ticket, Error: SMTP connect() failed. https://github.com/PHPMailer/PHPMailer/wiki/Troubleshooting
2018-05-14 11:14:18 [2@DESKTOP-7BIHDPC]
Warning: an email was undeliverable to onefortheroad02@gmail.com with 4 retries remaining. Message: [GLPI #0000033] New ticket clean ticket, Error: SMTP connect() failed. https://github.com/PHPMailer/PHPMailer/wiki/Troubleshooting
2018-05-14 13:14:58 [2@DESKTOP-7BIHDPC]
Warning: an email was undeliverable to onefortheroad02@gmail.com with 5 retries remaining. Message: [GLPI #0000034] New ticket user ticket, Error: SMTP connect() failed. https://github.com/PHPMailer/PHPMailer/wiki/Troubleshooting
